16:28:29.190 WARN  o.s.b.t.j.DuplicateJsonObjectContextCustomizerFactory$DuplicateJsonObjectContextCustomizer - 

Found multiple occurrences of org.json.JSONObject on the class path:

	jar:file:/E:/repository/com/vaadin/external/google/android-json/0.0.20131108.vaadin1/android-json-0.0.20131108.vaadin1.jar!/org/json/JSONObject.class
	jar:file:/E:/repository/org/json/json/20140107/json-20140107.jar!/org/json/JSONObject.class

You may wish to exclude one of them to ensure predictable runtime behaviour

16:28:34.456 WARN  o.m.s.mapper.ClassPathMapperScanner - Skipping MapperFactoryBean with name 'bankCardMapper1' and 'com.jnshu.dao.BankCardMapper1' mapperInterface. Bean already defined with the same name!
16:28:34.456 WARN  o.m.s.mapper.ClassPathMapperScanner - Skipping MapperFactoryBean with name 'bankMapper1' and 'com.jnshu.dao.BankMapper1' mapperInterface. Bean already defined with the same name!
16:28:34.457 WARN  o.m.s.mapper.ClassPathMapperScanner - Skipping MapperFactoryBean with name 'claimsMapper1' and 'com.jnshu.dao.ClaimsMapper1' mapperInterface. Bean already defined with the same name!
16:28:34.457 WARN  o.m.s.mapper.ClassPathMapperScanner - Skipping MapperFactoryBean with name 'claimsMatchingMapper1' and 'com.jnshu.dao.ClaimsMatchingMapper1' mapperInterface. Bean already defined with the same name!
16:28:34.458 WARN  o.m.s.mapper.ClassPathMapperScanner - Skipping MapperFactoryBean with name 'contractMapper1' and 'com.jnshu.dao.ContractMapper1' mapperInterface. Bean already defined with the same name!
16:28:34.459 WARN  o.m.s.mapper.ClassPathMapperScanner - Skipping MapperFactoryBean with name 'messageMapper1' and 'com.jnshu.dao.MessageMapper1' mapperInterface. Bean already defined with the same name!
16:28:34.461 WARN  o.m.s.mapper.ClassPathMapperScanner - Skipping MapperFactoryBean with name 'productMapper1' and 'com.jnshu.dao.ProductMapper1' mapperInterface. Bean already defined with the same name!
16:28:34.469 WARN  o.m.s.mapper.ClassPathMapperScanner - Skipping MapperFactoryBean with name 'systemDataMapper1' and 'com.jnshu.dao.SystemDataMapper1' mapperInterface. Bean already defined with the same name!
16:28:34.482 WARN  o.m.s.mapper.ClassPathMapperScanner - Skipping MapperFactoryBean with name 'timedTaskMapper1' and 'com.jnshu.dao.TimedTaskMapper1' mapperInterface. Bean already defined with the same name!
16:28:34.482 WARN  o.m.s.mapper.ClassPathMapperScanner - Skipping MapperFactoryBean with name 'transactionLogMapper1' and 'com.jnshu.dao.TransactionLogMapper1' mapperInterface. Bean already defined with the same name!
16:28:34.482 WARN  o.m.s.mapper.ClassPathMapperScanner - Skipping MapperFactoryBean with name 'transactionMapper1' and 'com.jnshu.dao.TransactionMapper1' mapperInterface. Bean already defined with the same name!
16:28:34.483 WARN  o.m.s.mapper.ClassPathMapperScanner - Skipping MapperFactoryBean with name 'userMapper1' and 'com.jnshu.dao.UserMapper1' mapperInterface. Bean already defined with the same name!
16:31:01.192 WARN  o.s.b.t.j.DuplicateJsonObjectContextCustomizerFactory$DuplicateJsonObjectContextCustomizer - 

Found multiple occurrences of org.json.JSONObject on the class path:

	jar:file:/E:/repository/com/vaadin/external/google/android-json/0.0.20131108.vaadin1/android-json-0.0.20131108.vaadin1.jar!/org/json/JSONObject.class
	jar:file:/E:/repository/org/json/json/20140107/json-20140107.jar!/org/json/JSONObject.class

You may wish to exclude one of them to ensure predictable runtime behaviour

16:31:05.862 WARN  o.m.s.mapper.ClassPathMapperScanner - Skipping MapperFactoryBean with name 'bankCardMapper1' and 'com.jnshu.dao.BankCardMapper1' mapperInterface. Bean already defined with the same name!
16:31:05.862 WARN  o.m.s.mapper.ClassPathMapperScanner - Skipping MapperFactoryBean with name 'bankMapper1' and 'com.jnshu.dao.BankMapper1' mapperInterface. Bean already defined with the same name!
16:31:05.863 WARN  o.m.s.mapper.ClassPathMapperScanner - Skipping MapperFactoryBean with name 'claimsMapper1' and 'com.jnshu.dao.ClaimsMapper1' mapperInterface. Bean already defined with the same name!
16:31:05.863 WARN  o.m.s.mapper.ClassPathMapperScanner - Skipping MapperFactoryBean with name 'claimsMatchingMapper1' and 'com.jnshu.dao.ClaimsMatchingMapper1' mapperInterface. Bean already defined with the same name!
16:31:05.864 WARN  o.m.s.mapper.ClassPathMapperScanner - Skipping MapperFactoryBean with name 'contractMapper1' and 'com.jnshu.dao.ContractMapper1' mapperInterface. Bean already defined with the same name!
16:31:05.864 WARN  o.m.s.mapper.ClassPathMapperScanner - Skipping MapperFactoryBean with name 'messageMapper1' and 'com.jnshu.dao.MessageMapper1' mapperInterface. Bean already defined with the same name!
16:31:05.864 WARN  o.m.s.mapper.ClassPathMapperScanner - Skipping MapperFactoryBean with name 'productMapper1' and 'com.jnshu.dao.ProductMapper1' mapperInterface. Bean already defined with the same name!
16:31:05.864 WARN  o.m.s.mapper.ClassPathMapperScanner - Skipping MapperFactoryBean with name 'systemDataMapper1' and 'com.jnshu.dao.SystemDataMapper1' mapperInterface. Bean already defined with the same name!
16:31:05.864 WARN  o.m.s.mapper.ClassPathMapperScanner - Skipping MapperFactoryBean with name 'timedTaskMapper1' and 'com.jnshu.dao.TimedTaskMapper1' mapperInterface. Bean already defined with the same name!
16:31:05.864 WARN  o.m.s.mapper.ClassPathMapperScanner - Skipping MapperFactoryBean with name 'transactionLogMapper1' and 'com.jnshu.dao.TransactionLogMapper1' mapperInterface. Bean already defined with the same name!
16:31:05.866 WARN  o.m.s.mapper.ClassPathMapperScanner - Skipping MapperFactoryBean with name 'transactionMapper1' and 'com.jnshu.dao.TransactionMapper1' mapperInterface. Bean already defined with the same name!
16:31:05.867 WARN  o.m.s.mapper.ClassPathMapperScanner - Skipping MapperFactoryBean with name 'userMapper1' and 'com.jnshu.dao.UserMapper1' mapperInterface. Bean already defined with the same name!
16:31:44.667 WARN  o.s.b.t.j.DuplicateJsonObjectContextCustomizerFactory$DuplicateJsonObjectContextCustomizer - 

Found multiple occurrences of org.json.JSONObject on the class path:

	jar:file:/E:/repository/com/vaadin/external/google/android-json/0.0.20131108.vaadin1/android-json-0.0.20131108.vaadin1.jar!/org/json/JSONObject.class
	jar:file:/E:/repository/org/json/json/20140107/json-20140107.jar!/org/json/JSONObject.class

You may wish to exclude one of them to ensure predictable runtime behaviour

16:31:48.751 WARN  o.m.s.mapper.ClassPathMapperScanner - Skipping MapperFactoryBean with name 'bankCardMapper1' and 'com.jnshu.dao.BankCardMapper1' mapperInterface. Bean already defined with the same name!
16:31:48.751 WARN  o.m.s.mapper.ClassPathMapperScanner - Skipping MapperFactoryBean with name 'bankMapper1' and 'com.jnshu.dao.BankMapper1' mapperInterface. Bean already defined with the same name!
16:31:48.751 WARN  o.m.s.mapper.ClassPathMapperScanner - Skipping MapperFactoryBean with name 'claimsMapper1' and 'com.jnshu.dao.ClaimsMapper1' mapperInterface. Bean already defined with the same name!
16:31:48.751 WARN  o.m.s.mapper.ClassPathMapperScanner - Skipping MapperFactoryBean with name 'claimsMatchingMapper1' and 'com.jnshu.dao.ClaimsMatchingMapper1' mapperInterface. Bean already defined with the same name!
16:31:48.753 WARN  o.m.s.mapper.ClassPathMapperScanner - Skipping MapperFactoryBean with name 'contractMapper1' and 'com.jnshu.dao.ContractMapper1' mapperInterface. Bean already defined with the same name!
16:31:48.753 WARN  o.m.s.mapper.ClassPathMapperScanner - Skipping MapperFactoryBean with name 'messageMapper1' and 'com.jnshu.dao.MessageMapper1' mapperInterface. Bean already defined with the same name!
16:31:48.756 WARN  o.m.s.mapper.ClassPathMapperScanner - Skipping MapperFactoryBean with name 'productMapper1' and 'com.jnshu.dao.ProductMapper1' mapperInterface. Bean already defined with the same name!
16:31:48.757 WARN  o.m.s.mapper.ClassPathMapperScanner - Skipping MapperFactoryBean with name 'systemDataMapper1' and 'com.jnshu.dao.SystemDataMapper1' mapperInterface. Bean already defined with the same name!
16:31:48.757 WARN  o.m.s.mapper.ClassPathMapperScanner - Skipping MapperFactoryBean with name 'timedTaskMapper1' and 'com.jnshu.dao.TimedTaskMapper1' mapperInterface. Bean already defined with the same name!
16:31:48.757 WARN  o.m.s.mapper.ClassPathMapperScanner - Skipping MapperFactoryBean with name 'transactionLogMapper1' and 'com.jnshu.dao.TransactionLogMapper1' mapperInterface. Bean already defined with the same name!
16:31:48.757 WARN  o.m.s.mapper.ClassPathMapperScanner - Skipping MapperFactoryBean with name 'transactionMapper1' and 'com.jnshu.dao.TransactionMapper1' mapperInterface. Bean already defined with the same name!
16:31:48.757 WARN  o.m.s.mapper.ClassPathMapperScanner - Skipping MapperFactoryBean with name 'userMapper1' and 'com.jnshu.dao.UserMapper1' mapperInterface. Bean already defined with the same name!
16:33:27.743 WARN  o.s.b.t.j.DuplicateJsonObjectContextCustomizerFactory$DuplicateJsonObjectContextCustomizer - 

Found multiple occurrences of org.json.JSONObject on the class path:

	jar:file:/E:/repository/com/vaadin/external/google/android-json/0.0.20131108.vaadin1/android-json-0.0.20131108.vaadin1.jar!/org/json/JSONObject.class
	jar:file:/E:/repository/org/json/json/20140107/json-20140107.jar!/org/json/JSONObject.class

You may wish to exclude one of them to ensure predictable runtime behaviour

16:33:32.056 WARN  o.m.s.mapper.ClassPathMapperScanner - Skipping MapperFactoryBean with name 'bankCardMapper1' and 'com.jnshu.dao.BankCardMapper1' mapperInterface. Bean already defined with the same name!
16:33:32.056 WARN  o.m.s.mapper.ClassPathMapperScanner - Skipping MapperFactoryBean with name 'bankMapper1' and 'com.jnshu.dao.BankMapper1' mapperInterface. Bean already defined with the same name!
16:33:32.057 WARN  o.m.s.mapper.ClassPathMapperScanner - Skipping MapperFactoryBean with name 'claimsMapper1' and 'com.jnshu.dao.ClaimsMapper1' mapperInterface. Bean already defined with the same name!
16:33:32.057 WARN  o.m.s.mapper.ClassPathMapperScanner - Skipping MapperFactoryBean with name 'claimsMatchingMapper1' and 'com.jnshu.dao.ClaimsMatchingMapper1' mapperInterface. Bean already defined with the same name!
16:33:32.058 WARN  o.m.s.mapper.ClassPathMapperScanner - Skipping MapperFactoryBean with name 'contractMapper1' and 'com.jnshu.dao.ContractMapper1' mapperInterface. Bean already defined with the same name!
16:33:32.058 WARN  o.m.s.mapper.ClassPathMapperScanner - Skipping MapperFactoryBean with name 'messageMapper1' and 'com.jnshu.dao.MessageMapper1' mapperInterface. Bean already defined with the same name!
16:33:32.061 WARN  o.m.s.mapper.ClassPathMapperScanner - Skipping MapperFactoryBean with name 'productMapper1' and 'com.jnshu.dao.ProductMapper1' mapperInterface. Bean already defined with the same name!
16:33:32.061 WARN  o.m.s.mapper.ClassPathMapperScanner - Skipping MapperFactoryBean with name 'systemDataMapper1' and 'com.jnshu.dao.SystemDataMapper1' mapperInterface. Bean already defined with the same name!
16:33:32.062 WARN  o.m.s.mapper.ClassPathMapperScanner - Skipping MapperFactoryBean with name 'timedTaskMapper1' and 'com.jnshu.dao.TimedTaskMapper1' mapperInterface. Bean already defined with the same name!
16:33:32.062 WARN  o.m.s.mapper.ClassPathMapperScanner - Skipping MapperFactoryBean with name 'transactionLogMapper1' and 'com.jnshu.dao.TransactionLogMapper1' mapperInterface. Bean already defined with the same name!
16:33:32.062 WARN  o.m.s.mapper.ClassPathMapperScanner - Skipping MapperFactoryBean with name 'transactionMapper1' and 'com.jnshu.dao.TransactionMapper1' mapperInterface. Bean already defined with the same name!
16:33:32.062 WARN  o.m.s.mapper.ClassPathMapperScanner - Skipping MapperFactoryBean with name 'userMapper1' and 'com.jnshu.dao.UserMapper1' mapperInterface. Bean already defined with the same name!
16:34:26.177 WARN  o.s.b.t.j.DuplicateJsonObjectContextCustomizerFactory$DuplicateJsonObjectContextCustomizer - 

Found multiple occurrences of org.json.JSONObject on the class path:

	jar:file:/E:/repository/com/vaadin/external/google/android-json/0.0.20131108.vaadin1/android-json-0.0.20131108.vaadin1.jar!/org/json/JSONObject.class
	jar:file:/E:/repository/org/json/json/20140107/json-20140107.jar!/org/json/JSONObject.class

You may wish to exclude one of them to ensure predictable runtime behaviour

16:34:30.590 WARN  o.m.s.mapper.ClassPathMapperScanner - Skipping MapperFactoryBean with name 'bankCardMapper1' and 'com.jnshu.dao.BankCardMapper1' mapperInterface. Bean already defined with the same name!
16:34:30.591 WARN  o.m.s.mapper.ClassPathMapperScanner - Skipping MapperFactoryBean with name 'bankMapper1' and 'com.jnshu.dao.BankMapper1' mapperInterface. Bean already defined with the same name!
16:34:30.591 WARN  o.m.s.mapper.ClassPathMapperScanner - Skipping MapperFactoryBean with name 'claimsMapper1' and 'com.jnshu.dao.ClaimsMapper1' mapperInterface. Bean already defined with the same name!
16:34:30.592 WARN  o.m.s.mapper.ClassPathMapperScanner - Skipping MapperFactoryBean with name 'claimsMatchingMapper1' and 'com.jnshu.dao.ClaimsMatchingMapper1' mapperInterface. Bean already defined with the same name!
16:34:30.592 WARN  o.m.s.mapper.ClassPathMapperScanner - Skipping MapperFactoryBean with name 'contractMapper1' and 'com.jnshu.dao.ContractMapper1' mapperInterface. Bean already defined with the same name!
16:34:30.593 WARN  o.m.s.mapper.ClassPathMapperScanner - Skipping MapperFactoryBean with name 'messageMapper1' and 'com.jnshu.dao.MessageMapper1' mapperInterface. Bean already defined with the same name!
16:34:30.595 WARN  o.m.s.mapper.ClassPathMapperScanner - Skipping MapperFactoryBean with name 'productMapper1' and 'com.jnshu.dao.ProductMapper1' mapperInterface. Bean already defined with the same name!
16:34:30.600 WARN  o.m.s.mapper.ClassPathMapperScanner - Skipping MapperFactoryBean with name 'systemDataMapper1' and 'com.jnshu.dao.SystemDataMapper1' mapperInterface. Bean already defined with the same name!
16:34:30.601 WARN  o.m.s.mapper.ClassPathMapperScanner - Skipping MapperFactoryBean with name 'timedTaskMapper1' and 'com.jnshu.dao.TimedTaskMapper1' mapperInterface. Bean already defined with the same name!
16:34:30.608 WARN  o.m.s.mapper.ClassPathMapperScanner - Skipping MapperFactoryBean with name 'transactionLogMapper1' and 'com.jnshu.dao.TransactionLogMapper1' mapperInterface. Bean already defined with the same name!
16:34:30.608 WARN  o.m.s.mapper.ClassPathMapperScanner - Skipping MapperFactoryBean with name 'transactionMapper1' and 'com.jnshu.dao.TransactionMapper1' mapperInterface. Bean already defined with the same name!
16:34:30.608 WARN  o.m.s.mapper.ClassPathMapperScanner - Skipping MapperFactoryBean with name 'userMapper1' and 'com.jnshu.dao.UserMapper1' mapperInterface. Bean already defined with the same name!
16:35:13.698 WARN  o.s.b.t.j.DuplicateJsonObjectContextCustomizerFactory$DuplicateJsonObjectContextCustomizer - 

Found multiple occurrences of org.json.JSONObject on the class path:

	jar:file:/E:/repository/com/vaadin/external/google/android-json/0.0.20131108.vaadin1/android-json-0.0.20131108.vaadin1.jar!/org/json/JSONObject.class
	jar:file:/E:/repository/org/json/json/20140107/json-20140107.jar!/org/json/JSONObject.class

You may wish to exclude one of them to ensure predictable runtime behaviour

16:35:18.191 WARN  o.m.s.mapper.ClassPathMapperScanner - Skipping MapperFactoryBean with name 'bankCardMapper1' and 'com.jnshu.dao.BankCardMapper1' mapperInterface. Bean already defined with the same name!
16:35:18.192 WARN  o.m.s.mapper.ClassPathMapperScanner - Skipping MapperFactoryBean with name 'bankMapper1' and 'com.jnshu.dao.BankMapper1' mapperInterface. Bean already defined with the same name!
16:35:18.192 WARN  o.m.s.mapper.ClassPathMapperScanner - Skipping MapperFactoryBean with name 'claimsMapper1' and 'com.jnshu.dao.ClaimsMapper1' mapperInterface. Bean already defined with the same name!
16:35:18.192 WARN  o.m.s.mapper.ClassPathMapperScanner - Skipping MapperFactoryBean with name 'claimsMatchingMapper1' and 'com.jnshu.dao.ClaimsMatchingMapper1' mapperInterface. Bean already defined with the same name!
16:35:18.193 WARN  o.m.s.mapper.ClassPathMapperScanner - Skipping MapperFactoryBean with name 'contractMapper1' and 'com.jnshu.dao.ContractMapper1' mapperInterface. Bean already defined with the same name!
16:35:18.193 WARN  o.m.s.mapper.ClassPathMapperScanner - Skipping MapperFactoryBean with name 'messageMapper1' and 'com.jnshu.dao.MessageMapper1' mapperInterface. Bean already defined with the same name!
16:35:18.193 WARN  o.m.s.mapper.ClassPathMapperScanner - Skipping MapperFactoryBean with name 'productMapper1' and 'com.jnshu.dao.ProductMapper1' mapperInterface. Bean already defined with the same name!
16:35:18.193 WARN  o.m.s.mapper.ClassPathMapperScanner - Skipping MapperFactoryBean with name 'systemDataMapper1' and 'com.jnshu.dao.SystemDataMapper1' mapperInterface. Bean already defined with the same name!
16:35:18.194 WARN  o.m.s.mapper.ClassPathMapperScanner - Skipping MapperFactoryBean with name 'timedTaskMapper1' and 'com.jnshu.dao.TimedTaskMapper1' mapperInterface. Bean already defined with the same name!
16:35:18.194 WARN  o.m.s.mapper.ClassPathMapperScanner - Skipping MapperFactoryBean with name 'transactionLogMapper1' and 'com.jnshu.dao.TransactionLogMapper1' mapperInterface. Bean already defined with the same name!
16:35:18.194 WARN  o.m.s.mapper.ClassPathMapperScanner - Skipping MapperFactoryBean with name 'transactionMapper1' and 'com.jnshu.dao.TransactionMapper1' mapperInterface. Bean already defined with the same name!
16:35:18.194 WARN  o.m.s.mapper.ClassPathMapperScanner - Skipping MapperFactoryBean with name 'userMapper1' and 'com.jnshu.dao.UserMapper1' mapperInterface. Bean already defined with the same name!
16:36:55.911 WARN  o.s.b.t.j.DuplicateJsonObjectContextCustomizerFactory$DuplicateJsonObjectContextCustomizer - 

Found multiple occurrences of org.json.JSONObject on the class path:

	jar:file:/E:/repository/com/vaadin/external/google/android-json/0.0.20131108.vaadin1/android-json-0.0.20131108.vaadin1.jar!/org/json/JSONObject.class
	jar:file:/E:/repository/org/json/json/20140107/json-20140107.jar!/org/json/JSONObject.class

You may wish to exclude one of them to ensure predictable runtime behaviour

16:37:00.273 WARN  o.m.s.mapper.ClassPathMapperScanner - Skipping MapperFactoryBean with name 'bankCardMapper1' and 'com.jnshu.dao.BankCardMapper1' mapperInterface. Bean already defined with the same name!
16:37:00.273 WARN  o.m.s.mapper.ClassPathMapperScanner - Skipping MapperFactoryBean with name 'bankMapper1' and 'com.jnshu.dao.BankMapper1' mapperInterface. Bean already defined with the same name!
16:37:00.273 WARN  o.m.s.mapper.ClassPathMapperScanner - Skipping MapperFactoryBean with name 'claimsMapper1' and 'com.jnshu.dao.ClaimsMapper1' mapperInterface. Bean already defined with the same name!
16:37:00.273 WARN  o.m.s.mapper.ClassPathMapperScanner - Skipping MapperFactoryBean with name 'claimsMatchingMapper1' and 'com.jnshu.dao.ClaimsMatchingMapper1' mapperInterface. Bean already defined with the same name!
16:37:00.274 WARN  o.m.s.mapper.ClassPathMapperScanner - Skipping MapperFactoryBean with name 'contractMapper1' and 'com.jnshu.dao.ContractMapper1' mapperInterface. Bean already defined with the same name!
16:37:00.274 WARN  o.m.s.mapper.ClassPathMapperScanner - Skipping MapperFactoryBean with name 'messageMapper1' and 'com.jnshu.dao.MessageMapper1' mapperInterface. Bean already defined with the same name!
16:37:00.278 WARN  o.m.s.mapper.ClassPathMapperScanner - Skipping MapperFactoryBean with name 'productMapper1' and 'com.jnshu.dao.ProductMapper1' mapperInterface. Bean already defined with the same name!
16:37:00.278 WARN  o.m.s.mapper.ClassPathMapperScanner - Skipping MapperFactoryBean with name 'systemDataMapper1' and 'com.jnshu.dao.SystemDataMapper1' mapperInterface. Bean already defined with the same name!
16:37:00.278 WARN  o.m.s.mapper.ClassPathMapperScanner - Skipping MapperFactoryBean with name 'timedTaskMapper1' and 'com.jnshu.dao.TimedTaskMapper1' mapperInterface. Bean already defined with the same name!
16:37:00.278 WARN  o.m.s.mapper.ClassPathMapperScanner - Skipping MapperFactoryBean with name 'transactionLogMapper1' and 'com.jnshu.dao.TransactionLogMapper1' mapperInterface. Bean already defined with the same name!
16:37:00.280 WARN  o.m.s.mapper.ClassPathMapperScanner - Skipping MapperFactoryBean with name 'transactionMapper1' and 'com.jnshu.dao.TransactionMapper1' mapperInterface. Bean already defined with the same name!
16:37:00.280 WARN  o.m.s.mapper.ClassPathMapperScanner - Skipping MapperFactoryBean with name 'userMapper1' and 'com.jnshu.dao.UserMapper1' mapperInterface. Bean already defined with the same name!
16:37:41.311 WARN  o.s.b.t.j.DuplicateJsonObjectContextCustomizerFactory$DuplicateJsonObjectContextCustomizer - 

Found multiple occurrences of org.json.JSONObject on the class path:

	jar:file:/E:/repository/com/vaadin/external/google/android-json/0.0.20131108.vaadin1/android-json-0.0.20131108.vaadin1.jar!/org/json/JSONObject.class
	jar:file:/E:/repository/org/json/json/20140107/json-20140107.jar!/org/json/JSONObject.class

You may wish to exclude one of them to ensure predictable runtime behaviour

16:37:46.643 WARN  o.m.s.mapper.ClassPathMapperScanner - Skipping MapperFactoryBean with name 'bankCardMapper1' and 'com.jnshu.dao.BankCardMapper1' mapperInterface. Bean already defined with the same name!
16:37:46.643 WARN  o.m.s.mapper.ClassPathMapperScanner - Skipping MapperFactoryBean with name 'bankMapper1' and 'com.jnshu.dao.BankMapper1' mapperInterface. Bean already defined with the same name!
16:37:46.643 WARN  o.m.s.mapper.ClassPathMapperScanner - Skipping MapperFactoryBean with name 'claimsMapper1' and 'com.jnshu.dao.ClaimsMapper1' mapperInterface. Bean already defined with the same name!
16:37:46.643 WARN  o.m.s.mapper.ClassPathMapperScanner - Skipping MapperFactoryBean with name 'claimsMatchingMapper1' and 'com.jnshu.dao.ClaimsMatchingMapper1' mapperInterface. Bean already defined with the same name!
16:37:46.644 WARN  o.m.s.mapper.ClassPathMapperScanner - Skipping MapperFactoryBean with name 'contractMapper1' and 'com.jnshu.dao.ContractMapper1' mapperInterface. Bean already defined with the same name!
16:37:46.645 WARN  o.m.s.mapper.ClassPathMapperScanner - Skipping MapperFactoryBean with name 'messageMapper1' and 'com.jnshu.dao.MessageMapper1' mapperInterface. Bean already defined with the same name!
16:37:46.645 WARN  o.m.s.mapper.ClassPathMapperScanner - Skipping MapperFactoryBean with name 'productMapper1' and 'com.jnshu.dao.ProductMapper1' mapperInterface. Bean already defined with the same name!
16:37:46.645 WARN  o.m.s.mapper.ClassPathMapperScanner - Skipping MapperFactoryBean with name 'systemDataMapper1' and 'com.jnshu.dao.SystemDataMapper1' mapperInterface. Bean already defined with the same name!
16:37:46.645 WARN  o.m.s.mapper.ClassPathMapperScanner - Skipping MapperFactoryBean with name 'timedTaskMapper1' and 'com.jnshu.dao.TimedTaskMapper1' mapperInterface. Bean already defined with the same name!
16:37:46.645 WARN  o.m.s.mapper.ClassPathMapperScanner - Skipping MapperFactoryBean with name 'transactionLogMapper1' and 'com.jnshu.dao.TransactionLogMapper1' mapperInterface. Bean already defined with the same name!
16:37:46.646 WARN  o.m.s.mapper.ClassPathMapperScanner - Skipping MapperFactoryBean with name 'transactionMapper1' and 'com.jnshu.dao.TransactionMapper1' mapperInterface. Bean already defined with the same name!
16:37:46.646 WARN  o.m.s.mapper.ClassPathMapperScanner - Skipping MapperFactoryBean with name 'userMapper1' and 'com.jnshu.dao.UserMapper1' mapperInterface. Bean already defined with the same name!
16:50:37.859 WARN  o.s.b.t.j.DuplicateJsonObjectContextCustomizerFactory$DuplicateJsonObjectContextCustomizer - 

Found multiple occurrences of org.json.JSONObject on the class path:

	jar:file:/E:/repository/com/vaadin/external/google/android-json/0.0.20131108.vaadin1/android-json-0.0.20131108.vaadin1.jar!/org/json/JSONObject.class
	jar:file:/E:/repository/org/json/json/20140107/json-20140107.jar!/org/json/JSONObject.class

You may wish to exclude one of them to ensure predictable runtime behaviour

16:50:43.608 WARN  o.m.s.mapper.ClassPathMapperScanner - Skipping MapperFactoryBean with name 'bankCardMapper1' and 'com.jnshu.dao.BankCardMapper1' mapperInterface. Bean already defined with the same name!
16:50:43.608 WARN  o.m.s.mapper.ClassPathMapperScanner - Skipping MapperFactoryBean with name 'bankMapper1' and 'com.jnshu.dao.BankMapper1' mapperInterface. Bean already defined with the same name!
16:50:43.608 WARN  o.m.s.mapper.ClassPathMapperScanner - Skipping MapperFactoryBean with name 'claimsMapper1' and 'com.jnshu.dao.ClaimsMapper1' mapperInterface. Bean already defined with the same name!
16:50:43.608 WARN  o.m.s.mapper.ClassPathMapperScanner - Skipping MapperFactoryBean with name 'claimsMatchingMapper1' and 'com.jnshu.dao.ClaimsMatchingMapper1' mapperInterface. Bean already defined with the same name!
16:50:43.609 WARN  o.m.s.mapper.ClassPathMapperScanner - Skipping MapperFactoryBean with name 'contractMapper1' and 'com.jnshu.dao.ContractMapper1' mapperInterface. Bean already defined with the same name!
16:50:43.609 WARN  o.m.s.mapper.ClassPathMapperScanner - Skipping MapperFactoryBean with name 'messageMapper1' and 'com.jnshu.dao.MessageMapper1' mapperInterface. Bean already defined with the same name!
16:50:43.612 WARN  o.m.s.mapper.ClassPathMapperScanner - Skipping MapperFactoryBean with name 'productMapper1' and 'com.jnshu.dao.ProductMapper1' mapperInterface. Bean already defined with the same name!
16:50:43.612 WARN  o.m.s.mapper.ClassPathMapperScanner - Skipping MapperFactoryBean with name 'systemDataMapper1' and 'com.jnshu.dao.SystemDataMapper1' mapperInterface. Bean already defined with the same name!
16:50:43.612 WARN  o.m.s.mapper.ClassPathMapperScanner - Skipping MapperFactoryBean with name 'timedTaskMapper1' and 'com.jnshu.dao.TimedTaskMapper1' mapperInterface. Bean already defined with the same name!
16:50:43.612 WARN  o.m.s.mapper.ClassPathMapperScanner - Skipping MapperFactoryBean with name 'transactionLogMapper1' and 'com.jnshu.dao.TransactionLogMapper1' mapperInterface. Bean already defined with the same name!
16:50:43.612 WARN  o.m.s.mapper.ClassPathMapperScanner - Skipping MapperFactoryBean with name 'transactionMapper1' and 'com.jnshu.dao.TransactionMapper1' mapperInterface. Bean already defined with the same name!
16:50:43.613 WARN  o.m.s.mapper.ClassPathMapperScanner - Skipping MapperFactoryBean with name 'userMapper1' and 'com.jnshu.dao.UserMapper1' mapperInterface. Bean already defined with the same name!
23:21:33.770 WARN  o.s.b.t.j.DuplicateJsonObjectContextCustomizerFactory$DuplicateJsonObjectContextCustomizer - 

Found multiple occurrences of org.json.JSONObject on the class path:

	jar:file:/C:/Users/Administrator/.m2/repository/com/vaadin/external/google/android-json/0.0.20131108.vaadin1/android-json-0.0.20131108.vaadin1.jar!/org/json/JSONObject.class
	jar:file:/C:/Users/Administrator/.m2/repository/org/json/json/20140107/json-20140107.jar!/org/json/JSONObject.class

You may wish to exclude one of them to ensure predictable runtime behaviour

23:21:36.461 WARN  o.m.s.mapper.ClassPathMapperScanner - Skipping MapperFactoryBean with name 'bankCardMapper1' and 'com.jnshu.dao.BankCardMapper1' mapperInterface. Bean already defined with the same name!
23:21:36.461 WARN  o.m.s.mapper.ClassPathMapperScanner - Skipping MapperFactoryBean with name 'bankMapper1' and 'com.jnshu.dao.BankMapper1' mapperInterface. Bean already defined with the same name!
23:21:36.470 WARN  o.m.s.mapper.ClassPathMapperScanner - Skipping MapperFactoryBean with name 'claimsMapper1' and 'com.jnshu.dao.ClaimsMapper1' mapperInterface. Bean already defined with the same name!
23:21:36.471 WARN  o.m.s.mapper.ClassPathMapperScanner - Skipping MapperFactoryBean with name 'claimsMatchingMapper1' and 'com.jnshu.dao.ClaimsMatchingMapper1' mapperInterface. Bean already defined with the same name!
23:21:36.471 WARN  o.m.s.mapper.ClassPathMapperScanner - Skipping MapperFactoryBean with name 'contractMapper1' and 'com.jnshu.dao.ContractMapper1' mapperInterface. Bean already defined with the same name!
23:21:36.472 WARN  o.m.s.mapper.ClassPathMapperScanner - Skipping MapperFactoryBean with name 'messageMapper1' and 'com.jnshu.dao.MessageMapper1' mapperInterface. Bean already defined with the same name!
23:21:36.473 WARN  o.m.s.mapper.ClassPathMapperScanner - Skipping MapperFactoryBean with name 'productMapper1' and 'com.jnshu.dao.ProductMapper1' mapperInterface. Bean already defined with the same name!
23:21:36.478 WARN  o.m.s.mapper.ClassPathMapperScanner - Skipping MapperFactoryBean with name 'systemDataMapper1' and 'com.jnshu.dao.SystemDataMapper1' mapperInterface. Bean already defined with the same name!
23:21:36.494 WARN  o.m.s.mapper.ClassPathMapperScanner - Skipping MapperFactoryBean with name 'timedTaskMapper1' and 'com.jnshu.dao.TimedTaskMapper1' mapperInterface. Bean already defined with the same name!
23:21:36.495 WARN  o.m.s.mapper.ClassPathMapperScanner - Skipping MapperFactoryBean with name 'transactionLogMapper1' and 'com.jnshu.dao.TransactionLogMapper1' mapperInterface. Bean already defined with the same name!
23:21:36.496 WARN  o.m.s.mapper.ClassPathMapperScanner - Skipping MapperFactoryBean with name 'transactionMapper1' and 'com.jnshu.dao.TransactionMapper1' mapperInterface. Bean already defined with the same name!
23:21:36.497 WARN  o.m.s.mapper.ClassPathMapperScanner - Skipping MapperFactoryBean with name 'userMapper1' and 'com.jnshu.dao.UserMapper1' mapperInterface. Bean already defined with the same name!
23:57:58.588 WARN  o.s.b.t.j.DuplicateJsonObjectContextCustomizerFactory$DuplicateJsonObjectContextCustomizer - 

Found multiple occurrences of org.json.JSONObject on the class path:

	jar:file:/C:/Users/Administrator/.m2/repository/com/vaadin/external/google/android-json/0.0.20131108.vaadin1/android-json-0.0.20131108.vaadin1.jar!/org/json/JSONObject.class
	jar:file:/C:/Users/Administrator/.m2/repository/org/json/json/20140107/json-20140107.jar!/org/json/JSONObject.class

You may wish to exclude one of them to ensure predictable runtime behaviour

23:58:01.344 WARN  o.m.s.mapper.ClassPathMapperScanner - Skipping MapperFactoryBean with name 'bankCardMapper1' and 'com.jnshu.dao.BankCardMapper1' mapperInterface. Bean already defined with the same name!
23:58:01.344 WARN  o.m.s.mapper.ClassPathMapperScanner - Skipping MapperFactoryBean with name 'bankMapper1' and 'com.jnshu.dao.BankMapper1' mapperInterface. Bean already defined with the same name!
23:58:01.344 WARN  o.m.s.mapper.ClassPathMapperScanner - Skipping MapperFactoryBean with name 'claimsMapper1' and 'com.jnshu.dao.ClaimsMapper1' mapperInterface. Bean already defined with the same name!
23:58:01.344 WARN  o.m.s.mapper.ClassPathMapperScanner - Skipping MapperFactoryBean with name 'claimsMatchingMapper1' and 'com.jnshu.dao.ClaimsMatchingMapper1' mapperInterface. Bean already defined with the same name!
23:58:01.345 WARN  o.m.s.mapper.ClassPathMapperScanner - Skipping MapperFactoryBean with name 'contractMapper1' and 'com.jnshu.dao.ContractMapper1' mapperInterface. Bean already defined with the same name!
23:58:01.346 WARN  o.m.s.mapper.ClassPathMapperScanner - Skipping MapperFactoryBean with name 'messageMapper1' and 'com.jnshu.dao.MessageMapper1' mapperInterface. Bean already defined with the same name!
23:58:01.346 WARN  o.m.s.mapper.ClassPathMapperScanner - Skipping MapperFactoryBean with name 'productMapper1' and 'com.jnshu.dao.ProductMapper1' mapperInterface. Bean already defined with the same name!
23:58:01.346 WARN  o.m.s.mapper.ClassPathMapperScanner - Skipping MapperFactoryBean with name 'systemDataMapper1' and 'com.jnshu.dao.SystemDataMapper1' mapperInterface. Bean already defined with the same name!
23:58:01.346 WARN  o.m.s.mapper.ClassPathMapperScanner - Skipping MapperFactoryBean with name 'timedTaskMapper1' and 'com.jnshu.dao.TimedTaskMapper1' mapperInterface. Bean already defined with the same name!
23:58:01.346 WARN  o.m.s.mapper.ClassPathMapperScanner - Skipping MapperFactoryBean with name 'transactionLogMapper1' and 'com.jnshu.dao.TransactionLogMapper1' mapperInterface. Bean already defined with the same name!
23:58:01.346 WARN  o.m.s.mapper.ClassPathMapperScanner - Skipping MapperFactoryBean with name 'transactionMapper1' and 'com.jnshu.dao.TransactionMapper1' mapperInterface. Bean already defined with the same name!
23:58:01.347 WARN  o.m.s.mapper.ClassPathMapperScanner - Skipping MapperFactoryBean with name 'userMapper1' and 'com.jnshu.dao.UserMapper1' mapperInterface. Bean already defined with the same name!
