11:17:34.842 WARN  o.m.s.mapper.ClassPathMapperScanner - Skipping MapperFactoryBean with name 'bankCardMapper1' and 'com.jnshu.dao.BankCardMapper1' mapperInterface. Bean already defined with the same name!
11:17:34.843 WARN  o.m.s.mapper.ClassPathMapperScanner - Skipping MapperFactoryBean with name 'bankMapper1' and 'com.jnshu.dao.BankMapper1' mapperInterface. Bean already defined with the same name!
11:17:34.843 WARN  o.m.s.mapper.ClassPathMapperScanner - Skipping MapperFactoryBean with name 'claimsMapper1' and 'com.jnshu.dao.ClaimsMapper1' mapperInterface. Bean already defined with the same name!
11:17:34.844 WARN  o.m.s.mapper.ClassPathMapperScanner - Skipping MapperFactoryBean with name 'claimsMatchingMapper1' and 'com.jnshu.dao.ClaimsMatchingMapper1' mapperInterface. Bean already defined with the same name!
11:17:34.870 WARN  o.m.s.mapper.ClassPathMapperScanner - Skipping MapperFactoryBean with name 'contractMapper1' and 'com.jnshu.dao.ContractMapper1' mapperInterface. Bean already defined with the same name!
11:17:34.870 WARN  o.m.s.mapper.ClassPathMapperScanner - Skipping MapperFactoryBean with name 'messageMapper1' and 'com.jnshu.dao.MessageMapper1' mapperInterface. Bean already defined with the same name!
11:17:34.871 WARN  o.m.s.mapper.ClassPathMapperScanner - Skipping MapperFactoryBean with name 'productMapper1' and 'com.jnshu.dao.ProductMapper1' mapperInterface. Bean already defined with the same name!
11:17:34.871 WARN  o.m.s.mapper.ClassPathMapperScanner - Skipping MapperFactoryBean with name 'systemDataMapper1' and 'com.jnshu.dao.SystemDataMapper1' mapperInterface. Bean already defined with the same name!
11:17:34.871 WARN  o.m.s.mapper.ClassPathMapperScanner - Skipping MapperFactoryBean with name 'timedTaskMapper1' and 'com.jnshu.dao.TimedTaskMapper1' mapperInterface. Bean already defined with the same name!
11:17:34.871 WARN  o.m.s.mapper.ClassPathMapperScanner - Skipping MapperFactoryBean with name 'transactionLogMapper1' and 'com.jnshu.dao.TransactionLogMapper1' mapperInterface. Bean already defined with the same name!
11:17:34.872 WARN  o.m.s.mapper.ClassPathMapperScanner - Skipping MapperFactoryBean with name 'transactionMapper1' and 'com.jnshu.dao.TransactionMapper1' mapperInterface. Bean already defined with the same name!
11:17:34.872 WARN  o.m.s.mapper.ClassPathMapperScanner - Skipping MapperFactoryBean with name 'userMapper1' and 'com.jnshu.dao.UserMapper1' mapperInterface. Bean already defined with the same name!
11:18:55.726 WARN  o.m.s.mapper.ClassPathMapperScanner - Skipping MapperFactoryBean with name 'bankCardMapper1' and 'com.jnshu.dao.BankCardMapper1' mapperInterface. Bean already defined with the same name!
11:18:55.726 WARN  o.m.s.mapper.ClassPathMapperScanner - Skipping MapperFactoryBean with name 'bankMapper1' and 'com.jnshu.dao.BankMapper1' mapperInterface. Bean already defined with the same name!
11:18:55.727 WARN  o.m.s.mapper.ClassPathMapperScanner - Skipping MapperFactoryBean with name 'claimsMapper1' and 'com.jnshu.dao.ClaimsMapper1' mapperInterface. Bean already defined with the same name!
11:18:55.727 WARN  o.m.s.mapper.ClassPathMapperScanner - Skipping MapperFactoryBean with name 'claimsMatchingMapper1' and 'com.jnshu.dao.ClaimsMatchingMapper1' mapperInterface. Bean already defined with the same name!
11:18:55.727 WARN  o.m.s.mapper.ClassPathMapperScanner - Skipping MapperFactoryBean with name 'contractMapper1' and 'com.jnshu.dao.ContractMapper1' mapperInterface. Bean already defined with the same name!
11:18:55.727 WARN  o.m.s.mapper.ClassPathMapperScanner - Skipping MapperFactoryBean with name 'messageMapper1' and 'com.jnshu.dao.MessageMapper1' mapperInterface. Bean already defined with the same name!
11:18:55.727 WARN  o.m.s.mapper.ClassPathMapperScanner - Skipping MapperFactoryBean with name 'productMapper1' and 'com.jnshu.dao.ProductMapper1' mapperInterface. Bean already defined with the same name!
11:18:55.727 WARN  o.m.s.mapper.ClassPathMapperScanner - Skipping MapperFactoryBean with name 'systemDataMapper1' and 'com.jnshu.dao.SystemDataMapper1' mapperInterface. Bean already defined with the same name!
11:18:55.728 WARN  o.m.s.mapper.ClassPathMapperScanner - Skipping MapperFactoryBean with name 'timedTaskMapper1' and 'com.jnshu.dao.TimedTaskMapper1' mapperInterface. Bean already defined with the same name!
11:18:55.728 WARN  o.m.s.mapper.ClassPathMapperScanner - Skipping MapperFactoryBean with name 'transactionLogMapper1' and 'com.jnshu.dao.TransactionLogMapper1' mapperInterface. Bean already defined with the same name!
11:18:55.728 WARN  o.m.s.mapper.ClassPathMapperScanner - Skipping MapperFactoryBean with name 'transactionMapper1' and 'com.jnshu.dao.TransactionMapper1' mapperInterface. Bean already defined with the same name!
11:18:55.728 WARN  o.m.s.mapper.ClassPathMapperScanner - Skipping MapperFactoryBean with name 'userMapper1' and 'com.jnshu.dao.UserMapper1' mapperInterface. Bean already defined with the same name!
11:19:03.097 WARN  o.s.b.d.a.OptionalLiveReloadServer - Unable to start LiveReload server
11:31:20.878 WARN  com.zaxxer.hikari.pool.PoolBase - HikariPool-1 - Failed to validate connection com.mysql.jdbc.JDBC4Connection@34b39ad4 (No operations allowed after connection closed.)
11:31:20.881 WARN  com.zaxxer.hikari.pool.PoolBase - HikariPool-1 - Failed to validate connection com.mysql.jdbc.JDBC4Connection@203e9290 (No operations allowed after connection closed.)
11:31:20.883 WARN  com.zaxxer.hikari.pool.PoolBase - HikariPool-1 - Failed to validate connection com.mysql.jdbc.JDBC4Connection@b729435 (No operations allowed after connection closed.)
11:31:20.889 WARN  com.zaxxer.hikari.pool.PoolBase - HikariPool-1 - Failed to validate connection com.mysql.jdbc.JDBC4Connection@48b44fc4 (No operations allowed after connection closed.)
11:31:20.891 WARN  com.zaxxer.hikari.pool.PoolBase - HikariPool-1 - Failed to validate connection com.mysql.jdbc.JDBC4Connection@491f77d8 (No operations allowed after connection closed.)
11:31:20.900 WARN  com.zaxxer.hikari.pool.PoolBase - HikariPool-1 - Failed to validate connection com.mysql.jdbc.JDBC4Connection@1de1d679 (No operations allowed after connection closed.)
11:31:20.909 WARN  com.zaxxer.hikari.pool.PoolBase - HikariPool-1 - Failed to validate connection com.mysql.jdbc.JDBC4Connection@22d2acc (No operations allowed after connection closed.)
11:31:20.914 WARN  com.zaxxer.hikari.pool.PoolBase - HikariPool-1 - Failed to validate connection com.mysql.jdbc.JDBC4Connection@688d9f22 (No operations allowed after connection closed.)
11:31:20.920 WARN  com.zaxxer.hikari.pool.PoolBase - HikariPool-1 - Failed to validate connection com.mysql.jdbc.JDBC4Connection@5a1e945c (No operations allowed after connection closed.)
11:31:20.924 WARN  com.zaxxer.hikari.pool.PoolBase - HikariPool-1 - Failed to validate connection com.mysql.jdbc.JDBC4Connection@49dfc378 (No operations allowed after connection closed.)
11:31:20.927 WARN  com.zaxxer.hikari.pool.PoolBase - HikariPool-1 - Failed to validate connection com.mysql.jdbc.JDBC4Connection@224ffbc5 (No operations allowed after connection closed.)
11:31:20.934 WARN  com.zaxxer.hikari.pool.PoolBase - HikariPool-1 - Failed to validate connection com.mysql.jdbc.JDBC4Connection@26bf1421 (No operations allowed after connection closed.)
11:31:20.936 WARN  com.zaxxer.hikari.pool.PoolBase - HikariPool-1 - Failed to validate connection com.mysql.jdbc.JDBC4Connection@82dd8de (No operations allowed after connection closed.)
11:31:20.942 WARN  com.zaxxer.hikari.pool.PoolBase - HikariPool-1 - Failed to validate connection com.mysql.jdbc.JDBC4Connection@3f5e1ea0 (No operations allowed after connection closed.)
11:31:20.951 WARN  com.zaxxer.hikari.pool.PoolBase - HikariPool-1 - Failed to validate connection com.mysql.jdbc.JDBC4Connection@62124b5d (No operations allowed after connection closed.)
11:31:20.971 WARN  com.zaxxer.hikari.pool.PoolBase - HikariPool-1 - Failed to validate connection com.mysql.jdbc.JDBC4Connection@5a5f914e (No operations allowed after connection closed.)
11:31:20.973 WARN  com.zaxxer.hikari.pool.PoolBase - HikariPool-1 - Failed to validate connection com.mysql.jdbc.JDBC4Connection@15bb3fbb (No operations allowed after connection closed.)
11:31:20.975 WARN  com.zaxxer.hikari.pool.PoolBase - HikariPool-1 - Failed to validate connection com.mysql.jdbc.JDBC4Connection@6503c6f2 (No operations allowed after connection closed.)
11:31:20.977 WARN  com.zaxxer.hikari.pool.PoolBase - HikariPool-1 - Failed to validate connection com.mysql.jdbc.JDBC4Connection@4bd66425 (No operations allowed after connection closed.)
11:31:20.979 WARN  com.zaxxer.hikari.pool.PoolBase - HikariPool-1 - Failed to validate connection com.mysql.jdbc.JDBC4Connection@6d2559f0 (No operations allowed after connection closed.)
11:41:02.759 WARN  com.zaxxer.hikari.pool.PoolBase - HikariPool-1 - Failed to validate connection com.mysql.jdbc.JDBC4Connection@64baae39 (No operations allowed after connection closed.)
11:41:02.760 WARN  com.zaxxer.hikari.pool.PoolBase - HikariPool-1 - Failed to validate connection com.mysql.jdbc.JDBC4Connection@1c90fae4 (No operations allowed after connection closed.)
11:41:02.761 WARN  com.zaxxer.hikari.pool.PoolBase - HikariPool-1 - Failed to validate connection com.mysql.jdbc.JDBC4Connection@6ac07679 (No operations allowed after connection closed.)
11:41:02.763 WARN  com.zaxxer.hikari.pool.PoolBase - HikariPool-1 - Failed to validate connection com.mysql.jdbc.JDBC4Connection@5bbad67e (No operations allowed after connection closed.)
11:41:02.764 WARN  com.zaxxer.hikari.pool.PoolBase - HikariPool-1 - Failed to validate connection com.mysql.jdbc.JDBC4Connection@1cc83b82 (No operations allowed after connection closed.)
11:41:02.765 WARN  com.zaxxer.hikari.pool.PoolBase - HikariPool-1 - Failed to validate connection com.mysql.jdbc.JDBC4Connection@794b525 (No operations allowed after connection closed.)
11:41:02.766 WARN  com.zaxxer.hikari.pool.PoolBase - HikariPool-1 - Failed to validate connection com.mysql.jdbc.JDBC4Connection@6e8e6810 (No operations allowed after connection closed.)
11:41:02.767 WARN  com.zaxxer.hikari.pool.PoolBase - HikariPool-1 - Failed to validate connection com.mysql.jdbc.JDBC4Connection@638a5a99 (No operations allowed after connection closed.)
11:41:02.772 WARN  com.zaxxer.hikari.pool.PoolBase - HikariPool-1 - Failed to validate connection com.mysql.jdbc.JDBC4Connection@3e437941 (No operations allowed after connection closed.)
11:41:02.773 WARN  com.zaxxer.hikari.pool.PoolBase - HikariPool-1 - Failed to validate connection com.mysql.jdbc.JDBC4Connection@1c5cde31 (No operations allowed after connection closed.)
11:41:02.775 WARN  com.zaxxer.hikari.pool.PoolBase - HikariPool-1 - Failed to validate connection com.mysql.jdbc.JDBC4Connection@10ffb42 (No operations allowed after connection closed.)
11:41:02.776 WARN  com.zaxxer.hikari.pool.PoolBase - HikariPool-1 - Failed to validate connection com.mysql.jdbc.JDBC4Connection@30e02768 (No operations allowed after connection closed.)
11:41:02.777 WARN  com.zaxxer.hikari.pool.PoolBase - HikariPool-1 - Failed to validate connection com.mysql.jdbc.JDBC4Connection@154cd944 (No operations allowed after connection closed.)
11:41:02.785 WARN  com.zaxxer.hikari.pool.PoolBase - HikariPool-1 - Failed to validate connection com.mysql.jdbc.JDBC4Connection@6f1b208a (No operations allowed after connection closed.)
11:41:02.795 WARN  com.zaxxer.hikari.pool.PoolBase - HikariPool-1 - Failed to validate connection com.mysql.jdbc.JDBC4Connection@113003c0 (No operations allowed after connection closed.)
11:41:02.805 WARN  com.zaxxer.hikari.pool.PoolBase - HikariPool-1 - Failed to validate connection com.mysql.jdbc.JDBC4Connection@20dabde9 (No operations allowed after connection closed.)
11:41:02.811 WARN  com.zaxxer.hikari.pool.PoolBase - HikariPool-1 - Failed to validate connection com.mysql.jdbc.JDBC4Connection@532fc64f (No operations allowed after connection closed.)
11:41:02.814 WARN  com.zaxxer.hikari.pool.PoolBase - HikariPool-1 - Failed to validate connection com.mysql.jdbc.JDBC4Connection@6506a3d0 (No operations allowed after connection closed.)
11:41:02.822 WARN  com.zaxxer.hikari.pool.PoolBase - HikariPool-1 - Failed to validate connection com.mysql.jdbc.JDBC4Connection@74b982b3 (No operations allowed after connection closed.)
11:41:02.825 WARN  com.zaxxer.hikari.pool.PoolBase - HikariPool-1 - Failed to validate connection com.mysql.jdbc.JDBC4Connection@1795c38 (No operations allowed after connection closed.)
11:53:15.877 WARN  com.zaxxer.hikari.pool.PoolBase - HikariPool-1 - Failed to validate connection com.mysql.jdbc.JDBC4Connection@6ed47a39 (No operations allowed after connection closed.)
11:53:15.879 WARN  com.zaxxer.hikari.pool.PoolBase - HikariPool-1 - Failed to validate connection com.mysql.jdbc.JDBC4Connection@2fe97002 (No operations allowed after connection closed.)
11:53:15.881 WARN  com.zaxxer.hikari.pool.PoolBase - HikariPool-1 - Failed to validate connection com.mysql.jdbc.JDBC4Connection@53446474 (No operations allowed after connection closed.)
11:53:15.882 WARN  com.zaxxer.hikari.pool.PoolBase - HikariPool-1 - Failed to validate connection com.mysql.jdbc.JDBC4Connection@1e8cd997 (No operations allowed after connection closed.)
11:53:15.888 WARN  com.zaxxer.hikari.pool.PoolBase - HikariPool-1 - Failed to validate connection com.mysql.jdbc.JDBC4Connection@2bcb9356 (No operations allowed after connection closed.)
11:53:15.889 WARN  com.zaxxer.hikari.pool.PoolBase - HikariPool-1 - Failed to validate connection com.mysql.jdbc.JDBC4Connection@4fc68f4d (No operations allowed after connection closed.)
11:53:15.899 WARN  com.zaxxer.hikari.pool.PoolBase - HikariPool-1 - Failed to validate connection com.mysql.jdbc.JDBC4Connection@3fd13505 (No operations allowed after connection closed.)
11:53:15.901 WARN  com.zaxxer.hikari.pool.PoolBase - HikariPool-1 - Failed to validate connection com.mysql.jdbc.JDBC4Connection@47690309 (No operations allowed after connection closed.)
11:53:15.902 WARN  com.zaxxer.hikari.pool.PoolBase - HikariPool-1 - Failed to validate connection com.mysql.jdbc.JDBC4Connection@30cf7991 (No operations allowed after connection closed.)
11:53:15.909 WARN  com.zaxxer.hikari.pool.PoolBase - HikariPool-1 - Failed to validate connection com.mysql.jdbc.JDBC4Connection@4b883422 (No operations allowed after connection closed.)
11:53:15.910 WARN  com.zaxxer.hikari.pool.PoolBase - HikariPool-1 - Failed to validate connection com.mysql.jdbc.JDBC4Connection@7dc7594b (No operations allowed after connection closed.)
11:53:15.913 WARN  com.zaxxer.hikari.pool.PoolBase - HikariPool-1 - Failed to validate connection com.mysql.jdbc.JDBC4Connection@72b96cb1 (No operations allowed after connection closed.)
11:53:15.916 WARN  com.zaxxer.hikari.pool.PoolBase - HikariPool-1 - Failed to validate connection com.mysql.jdbc.JDBC4Connection@39719086 (No operations allowed after connection closed.)
11:53:15.922 WARN  com.zaxxer.hikari.pool.PoolBase - HikariPool-1 - Failed to validate connection com.mysql.jdbc.JDBC4Connection@33528aae (No operations allowed after connection closed.)
11:53:15.925 WARN  com.zaxxer.hikari.pool.PoolBase - HikariPool-1 - Failed to validate connection com.mysql.jdbc.JDBC4Connection@7418908e (No operations allowed after connection closed.)
11:53:15.934 WARN  com.zaxxer.hikari.pool.PoolBase - HikariPool-1 - Failed to validate connection com.mysql.jdbc.JDBC4Connection@4d7db658 (No operations allowed after connection closed.)
11:53:15.943 WARN  com.zaxxer.hikari.pool.PoolBase - HikariPool-1 - Failed to validate connection com.mysql.jdbc.JDBC4Connection@78bdead1 (No operations allowed after connection closed.)
11:53:15.944 WARN  com.zaxxer.hikari.pool.PoolBase - HikariPool-1 - Failed to validate connection com.mysql.jdbc.JDBC4Connection@5f9d1892 (No operations allowed after connection closed.)
11:53:15.946 WARN  com.zaxxer.hikari.pool.PoolBase - HikariPool-1 - Failed to validate connection com.mysql.jdbc.JDBC4Connection@6f316f0f (No operations allowed after connection closed.)
11:53:15.951 WARN  com.zaxxer.hikari.pool.PoolBase - HikariPool-1 - Failed to validate connection com.mysql.jdbc.JDBC4Connection@4f5edbc7 (No operations allowed after connection closed.)
12:03:34.573 WARN  com.zaxxer.hikari.pool.PoolBase - HikariPool-1 - Failed to validate connection com.mysql.jdbc.JDBC4Connection@b13e4df (No operations allowed after connection closed.)
12:03:34.575 WARN  com.zaxxer.hikari.pool.PoolBase - HikariPool-1 - Failed to validate connection com.mysql.jdbc.JDBC4Connection@599580c (No operations allowed after connection closed.)
12:03:34.584 WARN  com.zaxxer.hikari.pool.PoolBase - HikariPool-1 - Failed to validate connection com.mysql.jdbc.JDBC4Connection@17105e9b (No operations allowed after connection closed.)
12:03:34.586 WARN  com.zaxxer.hikari.pool.PoolBase - HikariPool-1 - Failed to validate connection com.mysql.jdbc.JDBC4Connection@3b165ba (No operations allowed after connection closed.)
12:03:34.587 WARN  com.zaxxer.hikari.pool.PoolBase - HikariPool-1 - Failed to validate connection com.mysql.jdbc.JDBC4Connection@40ae6a6c (No operations allowed after connection closed.)
12:03:34.588 WARN  com.zaxxer.hikari.pool.PoolBase - HikariPool-1 - Failed to validate connection com.mysql.jdbc.JDBC4Connection@f38034d (No operations allowed after connection closed.)
12:03:34.589 WARN  com.zaxxer.hikari.pool.PoolBase - HikariPool-1 - Failed to validate connection com.mysql.jdbc.JDBC4Connection@1ac970b7 (No operations allowed after connection closed.)
12:03:34.590 WARN  com.zaxxer.hikari.pool.PoolBase - HikariPool-1 - Failed to validate connection com.mysql.jdbc.JDBC4Connection@12dd4ae1 (No operations allowed after connection closed.)
12:03:34.591 WARN  com.zaxxer.hikari.pool.PoolBase - HikariPool-1 - Failed to validate connection com.mysql.jdbc.JDBC4Connection@2113bfdc (No operations allowed after connection closed.)
12:03:34.592 WARN  com.zaxxer.hikari.pool.PoolBase - HikariPool-1 - Failed to validate connection com.mysql.jdbc.JDBC4Connection@6e7ef2d8 (No operations allowed after connection closed.)
12:03:34.593 WARN  com.zaxxer.hikari.pool.PoolBase - HikariPool-1 - Failed to validate connection com.mysql.jdbc.JDBC4Connection@3fe37b68 (No operations allowed after connection closed.)
12:03:34.595 WARN  com.zaxxer.hikari.pool.PoolBase - HikariPool-1 - Failed to validate connection com.mysql.jdbc.JDBC4Connection@4791a437 (No operations allowed after connection closed.)
12:03:34.596 WARN  com.zaxxer.hikari.pool.PoolBase - HikariPool-1 - Failed to validate connection com.mysql.jdbc.JDBC4Connection@7bc01e46 (No operations allowed after connection closed.)
12:03:34.599 WARN  com.zaxxer.hikari.pool.PoolBase - HikariPool-1 - Failed to validate connection com.mysql.jdbc.JDBC4Connection@62b1dbd4 (No operations allowed after connection closed.)
12:03:34.600 WARN  com.zaxxer.hikari.pool.PoolBase - HikariPool-1 - Failed to validate connection com.mysql.jdbc.JDBC4Connection@462dd4d1 (No operations allowed after connection closed.)
12:03:34.601 WARN  com.zaxxer.hikari.pool.PoolBase - HikariPool-1 - Failed to validate connection com.mysql.jdbc.JDBC4Connection@c57603f (No operations allowed after connection closed.)
12:03:34.614 WARN  com.zaxxer.hikari.pool.PoolBase - HikariPool-1 - Failed to validate connection com.mysql.jdbc.JDBC4Connection@779e7ddd (No operations allowed after connection closed.)
12:03:34.615 WARN  com.zaxxer.hikari.pool.PoolBase - HikariPool-1 - Failed to validate connection com.mysql.jdbc.JDBC4Connection@1b1d7781 (No operations allowed after connection closed.)
12:03:34.616 WARN  com.zaxxer.hikari.pool.PoolBase - HikariPool-1 - Failed to validate connection com.mysql.jdbc.JDBC4Connection@333ea36f (No operations allowed after connection closed.)
12:03:34.617 WARN  com.zaxxer.hikari.pool.PoolBase - HikariPool-1 - Failed to validate connection com.mysql.jdbc.JDBC4Connection@4df7baf (No operations allowed after connection closed.)
