<<<<<<< HEAD
16:34:29.035 WARN  o.m.s.mapper.ClassPathMapperScanner - Skipping MapperFactoryBean with name 'bankCardMapper1' and 'com.jnshu.dao.BankCardMapper1' mapperInterface. Bean already defined with the same name!
16:34:29.037 WARN  o.m.s.mapper.ClassPathMapperScanner - Skipping MapperFactoryBean with name 'bankMapper1' and 'com.jnshu.dao.BankMapper1' mapperInterface. Bean already defined with the same name!
16:34:29.037 WARN  o.m.s.mapper.ClassPathMapperScanner - Skipping MapperFactoryBean with name 'claimsMapper1' and 'com.jnshu.dao.ClaimsMapper1' mapperInterface. Bean already defined with the same name!
16:34:29.037 WARN  o.m.s.mapper.ClassPathMapperScanner - Skipping MapperFactoryBean with name 'claimsMatchingMapper1' and 'com.jnshu.dao.ClaimsMatchingMapper1' mapperInterface. Bean already defined with the same name!
16:34:29.037 WARN  o.m.s.mapper.ClassPathMapperScanner - Skipping MapperFactoryBean with name 'contractMapper1' and 'com.jnshu.dao.ContractMapper1' mapperInterface. Bean already defined with the same name!
16:34:29.037 WARN  o.m.s.mapper.ClassPathMapperScanner - Skipping MapperFactoryBean with name 'messageMapper1' and 'com.jnshu.dao.MessageMapper1' mapperInterface. Bean already defined with the same name!
16:34:29.038 WARN  o.m.s.mapper.ClassPathMapperScanner - Skipping MapperFactoryBean with name 'productMapper1' and 'com.jnshu.dao.ProductMapper1' mapperInterface. Bean already defined with the same name!
16:34:29.038 WARN  o.m.s.mapper.ClassPathMapperScanner - Skipping MapperFactoryBean with name 'systemDataMapper1' and 'com.jnshu.dao.SystemDataMapper1' mapperInterface. Bean already defined with the same name!
16:34:29.038 WARN  o.m.s.mapper.ClassPathMapperScanner - Skipping MapperFactoryBean with name 'timedTaskMapper1' and 'com.jnshu.dao.TimedTaskMapper1' mapperInterface. Bean already defined with the same name!
16:34:29.038 WARN  o.m.s.mapper.ClassPathMapperScanner - Skipping MapperFactoryBean with name 'transactionLogMapper1' and 'com.jnshu.dao.TransactionLogMapper1' mapperInterface. Bean already defined with the same name!
16:34:29.038 WARN  o.m.s.mapper.ClassPathMapperScanner - Skipping MapperFactoryBean with name 'transactionMapper1' and 'com.jnshu.dao.TransactionMapper1' mapperInterface. Bean already defined with the same name!
16:34:29.038 WARN  o.m.s.mapper.ClassPathMapperScanner - Skipping MapperFactoryBean with name 'userMapper1' and 'com.jnshu.dao.UserMapper1' mapperInterface. Bean already defined with the same name!
=======
10:02:12.995 WARN  o.m.s.mapper.ClassPathMapperScanner - Skipping MapperFactoryBean with name 'bankCardMapper1' and 'com.jnshu.dao.BankCardMapper1' mapperInterface. Bean already defined with the same name!
10:02:12.995 WARN  o.m.s.mapper.ClassPathMapperScanner - Skipping MapperFactoryBean with name 'bankMapper1' and 'com.jnshu.dao.BankMapper1' mapperInterface. Bean already defined with the same name!
10:02:12.995 WARN  o.m.s.mapper.ClassPathMapperScanner - Skipping MapperFactoryBean with name 'claimsMapper1' and 'com.jnshu.dao.ClaimsMapper1' mapperInterface. Bean already defined with the same name!
10:02:12.995 WARN  o.m.s.mapper.ClassPathMapperScanner - Skipping MapperFactoryBean with name 'claimsMatchingMapper1' and 'com.jnshu.dao.ClaimsMatchingMapper1' mapperInterface. Bean already defined with the same name!
10:02:13.020 WARN  o.m.s.mapper.ClassPathMapperScanner - Skipping MapperFactoryBean with name 'contractMapper1' and 'com.jnshu.dao.ContractMapper1' mapperInterface. Bean already defined with the same name!
10:02:13.021 WARN  o.m.s.mapper.ClassPathMapperScanner - Skipping MapperFactoryBean with name 'messageMapper1' and 'com.jnshu.dao.MessageMapper1' mapperInterface. Bean already defined with the same name!
10:02:13.021 WARN  o.m.s.mapper.ClassPathMapperScanner - Skipping MapperFactoryBean with name 'productMapper1' and 'com.jnshu.dao.ProductMapper1' mapperInterface. Bean already defined with the same name!
10:02:13.022 WARN  o.m.s.mapper.ClassPathMapperScanner - Skipping MapperFactoryBean with name 'systemDataMapper1' and 'com.jnshu.dao.SystemDataMapper1' mapperInterface. Bean already defined with the same name!
10:02:13.022 WARN  o.m.s.mapper.ClassPathMapperScanner - Skipping MapperFactoryBean with name 'timedTaskMapper1' and 'com.jnshu.dao.TimedTaskMapper1' mapperInterface. Bean already defined with the same name!
10:02:13.023 WARN  o.m.s.mapper.ClassPathMapperScanner - Skipping MapperFactoryBean with name 'transactionLogMapper1' and 'com.jnshu.dao.TransactionLogMapper1' mapperInterface. Bean already defined with the same name!
10:02:13.023 WARN  o.m.s.mapper.ClassPathMapperScanner - Skipping MapperFactoryBean with name 'transactionMapper1' and 'com.jnshu.dao.TransactionMapper1' mapperInterface. Bean already defined with the same name!
10:02:13.023 WARN  o.m.s.mapper.ClassPathMapperScanner - Skipping MapperFactoryBean with name 'userMapper1' and 'com.jnshu.dao.UserMapper1' mapperInterface. Bean already defined with the same name!
10:03:53.507 WARN  o.s.w.s.m.m.a.ExceptionHandlerExceptionResolver - Resolved exception caused by Handler execution: com.jnshu.exception.MyException: 已过期,请登入
10:04:07.344 WARN  com.zaxxer.hikari.pool.PoolBase - HikariPool-1 - Failed to validate connection com.mysql.jdbc.JDBC4Connection@74366d22 (No operations allowed after connection closed.)
10:04:07.347 WARN  com.zaxxer.hikari.pool.PoolBase - HikariPool-1 - Failed to validate connection com.mysql.jdbc.JDBC4Connection@4288e058 (No operations allowed after connection closed.)
10:04:07.350 WARN  com.zaxxer.hikari.pool.PoolBase - HikariPool-1 - Failed to validate connection com.mysql.jdbc.JDBC4Connection@4d3b874a (No operations allowed after connection closed.)
10:04:07.351 WARN  com.zaxxer.hikari.pool.PoolBase - HikariPool-1 - Failed to validate connection com.mysql.jdbc.JDBC4Connection@3056b256 (No operations allowed after connection closed.)
10:04:07.353 WARN  com.zaxxer.hikari.pool.PoolBase - HikariPool-1 - Failed to validate connection com.mysql.jdbc.JDBC4Connection@4bce8eeb (No operations allowed after connection closed.)
10:04:07.359 WARN  com.zaxxer.hikari.pool.PoolBase - HikariPool-1 - Failed to validate connection com.mysql.jdbc.JDBC4Connection@4ec12dea (No operations allowed after connection closed.)
10:04:07.374 WARN  com.zaxxer.hikari.pool.PoolBase - HikariPool-1 - Failed to validate connection com.mysql.jdbc.JDBC4Connection@5fd1e2af (No operations allowed after connection closed.)
10:04:07.375 WARN  com.zaxxer.hikari.pool.PoolBase - HikariPool-1 - Failed to validate connection com.mysql.jdbc.JDBC4Connection@5a903f01 (No operations allowed after connection closed.)
10:04:07.384 WARN  com.zaxxer.hikari.pool.PoolBase - HikariPool-1 - Failed to validate connection com.mysql.jdbc.JDBC4Connection@65165b6e (No operations allowed after connection closed.)
10:04:07.388 WARN  com.zaxxer.hikari.pool.PoolBase - HikariPool-1 - Failed to validate connection com.mysql.jdbc.JDBC4Connection@227f845b (No operations allowed after connection closed.)
10:04:07.389 WARN  com.zaxxer.hikari.pool.PoolBase - HikariPool-1 - Failed to validate connection com.mysql.jdbc.JDBC4Connection@72ebce21 (No operations allowed after connection closed.)
10:04:07.391 WARN  com.zaxxer.hikari.pool.PoolBase - HikariPool-1 - Failed to validate connection com.mysql.jdbc.JDBC4Connection@29588f4a (No operations allowed after connection closed.)
10:04:07.400 WARN  com.zaxxer.hikari.pool.PoolBase - HikariPool-1 - Failed to validate connection com.mysql.jdbc.JDBC4Connection@7e426c24 (No operations allowed after connection closed.)
10:04:07.402 WARN  com.zaxxer.hikari.pool.PoolBase - HikariPool-1 - Failed to validate connection com.mysql.jdbc.JDBC4Connection@204172eb (No operations allowed after connection closed.)
10:04:07.407 WARN  com.zaxxer.hikari.pool.PoolBase - HikariPool-1 - Failed to validate connection com.mysql.jdbc.JDBC4Connection@c773a04 (No operations allowed after connection closed.)
10:04:07.409 WARN  com.zaxxer.hikari.pool.PoolBase - HikariPool-1 - Failed to validate connection com.mysql.jdbc.JDBC4Connection@c76b540 (No operations allowed after connection closed.)
10:04:07.411 WARN  com.zaxxer.hikari.pool.PoolBase - HikariPool-1 - Failed to validate connection com.mysql.jdbc.JDBC4Connection@270b480f (No operations allowed after connection closed.)
10:04:07.412 WARN  com.zaxxer.hikari.pool.PoolBase - HikariPool-1 - Failed to validate connection com.mysql.jdbc.JDBC4Connection@1219e1f0 (No operations allowed after connection closed.)
10:04:07.415 WARN  com.zaxxer.hikari.pool.PoolBase - HikariPool-1 - Failed to validate connection com.mysql.jdbc.JDBC4Connection@35b65592 (No operations allowed after connection closed.)
10:04:07.420 WARN  com.zaxxer.hikari.pool.PoolBase - HikariPool-1 - Failed to validate connection com.mysql.jdbc.JDBC4Connection@cd33ad1 (No operations allowed after connection closed.)
10:04:16.980 WARN  com.zaxxer.hikari.pool.PoolBase - HikariPool-1 - Failed to validate connection com.mysql.jdbc.JDBC4Connection@2b3eaab8 (No operations allowed after connection closed.)
10:04:16.981 WARN  com.zaxxer.hikari.pool.PoolBase - HikariPool-1 - Failed to validate connection com.mysql.jdbc.JDBC4Connection@59f05e87 (No operations allowed after connection closed.)
10:04:16.982 WARN  com.zaxxer.hikari.pool.PoolBase - HikariPool-1 - Failed to validate connection com.mysql.jdbc.JDBC4Connection@7fc01b98 (No operations allowed after connection closed.)
10:04:16.983 WARN  com.zaxxer.hikari.pool.PoolBase - HikariPool-1 - Failed to validate connection com.mysql.jdbc.JDBC4Connection@217515b2 (No operations allowed after connection closed.)
10:04:16.984 WARN  com.zaxxer.hikari.pool.PoolBase - HikariPool-1 - Failed to validate connection com.mysql.jdbc.JDBC4Connection@133cfb0 (No operations allowed after connection closed.)
10:04:16.985 WARN  com.zaxxer.hikari.pool.PoolBase - HikariPool-1 - Failed to validate connection com.mysql.jdbc.JDBC4Connection@5a6cbd77 (No operations allowed after connection closed.)
10:04:16.986 WARN  com.zaxxer.hikari.pool.PoolBase - HikariPool-1 - Failed to validate connection com.mysql.jdbc.JDBC4Connection@250f6179 (No operations allowed after connection closed.)
10:04:16.987 WARN  com.zaxxer.hikari.pool.PoolBase - HikariPool-1 - Failed to validate connection com.mysql.jdbc.JDBC4Connection@2cde28ef (No operations allowed after connection closed.)
10:04:16.988 WARN  com.zaxxer.hikari.pool.PoolBase - HikariPool-1 - Failed to validate connection com.mysql.jdbc.JDBC4Connection@338f3c8b (No operations allowed after connection closed.)
10:04:16.993 WARN  com.zaxxer.hikari.pool.PoolBase - HikariPool-1 - Failed to validate connection com.mysql.jdbc.JDBC4Connection@cb7a888 (No operations allowed after connection closed.)
10:04:16.996 WARN  com.zaxxer.hikari.pool.PoolBase - HikariPool-1 - Failed to validate connection com.mysql.jdbc.JDBC4Connection@526d04ce (No operations allowed after connection closed.)
10:04:17.001 WARN  com.zaxxer.hikari.pool.PoolBase - HikariPool-1 - Failed to validate connection com.mysql.jdbc.JDBC4Connection@fa9d73c (No operations allowed after connection closed.)
10:04:17.010 WARN  com.zaxxer.hikari.pool.PoolBase - HikariPool-1 - Failed to validate connection com.mysql.jdbc.JDBC4Connection@4508c926 (No operations allowed after connection closed.)
10:04:17.014 WARN  com.zaxxer.hikari.pool.PoolBase - HikariPool-1 - Failed to validate connection com.mysql.jdbc.JDBC4Connection@744adae7 (No operations allowed after connection closed.)
10:04:17.016 WARN  com.zaxxer.hikari.pool.PoolBase - HikariPool-1 - Failed to validate connection com.mysql.jdbc.JDBC4Connection@4ebbfbd4 (No operations allowed after connection closed.)
10:04:17.018 WARN  com.zaxxer.hikari.pool.PoolBase - HikariPool-1 - Failed to validate connection com.mysql.jdbc.JDBC4Connection@f6ad508 (No operations allowed after connection closed.)
10:04:17.023 WARN  com.zaxxer.hikari.pool.PoolBase - HikariPool-1 - Failed to validate connection com.mysql.jdbc.JDBC4Connection@c287c3a (No operations allowed after connection closed.)
10:04:17.025 WARN  com.zaxxer.hikari.pool.PoolBase - HikariPool-1 - Failed to validate connection com.mysql.jdbc.JDBC4Connection@2e1712ba (No operations allowed after connection closed.)
10:04:17.027 WARN  com.zaxxer.hikari.pool.PoolBase - HikariPool-1 - Failed to validate connection com.mysql.jdbc.JDBC4Connection@3fe329f7 (No operations allowed after connection closed.)
10:04:17.029 WARN  com.zaxxer.hikari.pool.PoolBase - HikariPool-1 - Failed to validate connection com.mysql.jdbc.JDBC4Connection@66f86996 (No operations allowed after connection closed.)
10:04:24.067 WARN  com.zaxxer.hikari.pool.PoolBase - HikariPool-1 - Failed to validate connection com.mysql.jdbc.JDBC4Connection@78fd4da8 (No operations allowed after connection closed.)
10:04:24.105 WARN  com.zaxxer.hikari.pool.PoolBase - HikariPool-1 - Failed to validate connection com.mysql.jdbc.JDBC4Connection@39c04793 (No operations allowed after connection closed.)
10:04:24.108 WARN  com.zaxxer.hikari.pool.PoolBase - HikariPool-1 - Failed to validate connection com.mysql.jdbc.JDBC4Connection@1ab147e1 (No operations allowed after connection closed.)
10:04:24.110 WARN  com.zaxxer.hikari.pool.PoolBase - HikariPool-1 - Failed to validate connection com.mysql.jdbc.JDBC4Connection@8b3d912 (No operations allowed after connection closed.)
10:04:24.116 WARN  com.zaxxer.hikari.pool.PoolBase - HikariPool-1 - Failed to validate connection com.mysql.jdbc.JDBC4Connection@622887d5 (No operations allowed after connection closed.)
10:04:24.127 WARN  com.zaxxer.hikari.pool.PoolBase - HikariPool-1 - Failed to validate connection com.mysql.jdbc.JDBC4Connection@59efb8dc (No operations allowed after connection closed.)
10:04:24.129 WARN  com.zaxxer.hikari.pool.PoolBase - HikariPool-1 - Failed to validate connection com.mysql.jdbc.JDBC4Connection@49f1624f (No operations allowed after connection closed.)
10:04:24.134 WARN  com.zaxxer.hikari.pool.PoolBase - HikariPool-1 - Failed to validate connection com.mysql.jdbc.JDBC4Connection@5f9c592a (No operations allowed after connection closed.)
10:04:24.138 WARN  com.zaxxer.hikari.pool.PoolBase - HikariPool-1 - Failed to validate connection com.mysql.jdbc.JDBC4Connection@792c6b23 (No operations allowed after connection closed.)
10:04:24.139 WARN  com.zaxxer.hikari.pool.PoolBase - HikariPool-1 - Failed to validate connection com.mysql.jdbc.JDBC4Connection@5da10582 (No operations allowed after connection closed.)
10:04:24.140 WARN  com.zaxxer.hikari.pool.PoolBase - HikariPool-1 - Failed to validate connection com.mysql.jdbc.JDBC4Connection@1f80f763 (No operations allowed after connection closed.)
10:04:24.141 WARN  com.zaxxer.hikari.pool.PoolBase - HikariPool-1 - Failed to validate connection com.mysql.jdbc.JDBC4Connection@2268b8b0 (No operations allowed after connection closed.)
10:04:24.141 WARN  com.zaxxer.hikari.pool.PoolBase - HikariPool-1 - Failed to validate connection com.mysql.jdbc.JDBC4Connection@3887baad (No operations allowed after connection closed.)
10:04:24.142 WARN  com.zaxxer.hikari.pool.PoolBase - HikariPool-1 - Failed to validate connection com.mysql.jdbc.JDBC4Connection@6d5f352a (No operations allowed after connection closed.)
10:04:24.143 WARN  com.zaxxer.hikari.pool.PoolBase - HikariPool-1 - Failed to validate connection com.mysql.jdbc.JDBC4Connection@75fcfc0d (No operations allowed after connection closed.)
10:04:24.143 WARN  com.zaxxer.hikari.pool.PoolBase - HikariPool-1 - Failed to validate connection com.mysql.jdbc.JDBC4Connection@1236673a (No operations allowed after connection closed.)
10:04:24.144 WARN  com.zaxxer.hikari.pool.PoolBase - HikariPool-1 - Failed to validate connection com.mysql.jdbc.JDBC4Connection@17e1e503 (No operations allowed after connection closed.)
10:04:24.145 WARN  com.zaxxer.hikari.pool.PoolBase - HikariPool-1 - Failed to validate connection com.mysql.jdbc.JDBC4Connection@30364b0 (No operations allowed after connection closed.)
10:04:24.145 WARN  com.zaxxer.hikari.pool.PoolBase - HikariPool-1 - Failed to validate connection com.mysql.jdbc.JDBC4Connection@118dfc49 (No operations allowed after connection closed.)
10:04:24.146 WARN  com.zaxxer.hikari.pool.PoolBase - HikariPool-1 - Failed to validate connection com.mysql.jdbc.JDBC4Connection@302346f5 (No operations allowed after connection closed.)
10:04:39.983 WARN  com.zaxxer.hikari.pool.PoolBase - HikariPool-1 - Failed to validate connection com.mysql.jdbc.JDBC4Connection@636f97e5 (No operations allowed after connection closed.)
10:04:39.984 WARN  com.zaxxer.hikari.pool.PoolBase - HikariPool-1 - Failed to validate connection com.mysql.jdbc.JDBC4Connection@22529dde (No operations allowed after connection closed.)
10:04:39.985 WARN  com.zaxxer.hikari.pool.PoolBase - HikariPool-1 - Failed to validate connection com.mysql.jdbc.JDBC4Connection@cf5e4c0 (No operations allowed after connection closed.)
10:04:39.986 WARN  com.zaxxer.hikari.pool.PoolBase - HikariPool-1 - Failed to validate connection com.mysql.jdbc.JDBC4Connection@133a9a04 (No operations allowed after connection closed.)
10:04:39.987 WARN  com.zaxxer.hikari.pool.PoolBase - HikariPool-1 - Failed to validate connection com.mysql.jdbc.JDBC4Connection@7477bdac (No operations allowed after connection closed.)
10:04:39.988 WARN  com.zaxxer.hikari.pool.PoolBase - HikariPool-1 - Failed to validate connection com.mysql.jdbc.JDBC4Connection@427d6291 (No operations allowed after connection closed.)
10:04:39.989 WARN  com.zaxxer.hikari.pool.PoolBase - HikariPool-1 - Failed to validate connection com.mysql.jdbc.JDBC4Connection@618d4dfa (No operations allowed after connection closed.)
10:04:39.989 WARN  com.zaxxer.hikari.pool.PoolBase - HikariPool-1 - Failed to validate connection com.mysql.jdbc.JDBC4Connection@26200175 (No operations allowed after connection closed.)
10:04:39.990 WARN  com.zaxxer.hikari.pool.PoolBase - HikariPool-1 - Failed to validate connection com.mysql.jdbc.JDBC4Connection@6f7352c0 (No operations allowed after connection closed.)
10:04:39.991 WARN  com.zaxxer.hikari.pool.PoolBase - HikariPool-1 - Failed to validate connection com.mysql.jdbc.JDBC4Connection@4633dc55 (No operations allowed after connection closed.)
10:04:39.992 WARN  com.zaxxer.hikari.pool.PoolBase - HikariPool-1 - Failed to validate connection com.mysql.jdbc.JDBC4Connection@4d5aabf4 (No operations allowed after connection closed.)
10:04:39.993 WARN  com.zaxxer.hikari.pool.PoolBase - HikariPool-1 - Failed to validate connection com.mysql.jdbc.JDBC4Connection@6bd73083 (No operations allowed after connection closed.)
10:04:39.993 WARN  com.zaxxer.hikari.pool.PoolBase - HikariPool-1 - Failed to validate connection com.mysql.jdbc.JDBC4Connection@1ec78a6b (No operations allowed after connection closed.)
10:04:39.994 WARN  com.zaxxer.hikari.pool.PoolBase - HikariPool-1 - Failed to validate connection com.mysql.jdbc.JDBC4Connection@46ce3c92 (No operations allowed after connection closed.)
10:04:39.995 WARN  com.zaxxer.hikari.pool.PoolBase - HikariPool-1 - Failed to validate connection com.mysql.jdbc.JDBC4Connection@5ed33ab4 (No operations allowed after connection closed.)
10:04:39.996 WARN  com.zaxxer.hikari.pool.PoolBase - HikariPool-1 - Failed to validate connection com.mysql.jdbc.JDBC4Connection@c524ac5 (No operations allowed after connection closed.)
10:04:39.997 WARN  com.zaxxer.hikari.pool.PoolBase - HikariPool-1 - Failed to validate connection com.mysql.jdbc.JDBC4Connection@2e641df6 (No operations allowed after connection closed.)
10:04:39.997 WARN  com.zaxxer.hikari.pool.PoolBase - HikariPool-1 - Failed to validate connection com.mysql.jdbc.JDBC4Connection@19799e04 (No operations allowed after connection closed.)
10:04:39.998 WARN  com.zaxxer.hikari.pool.PoolBase - HikariPool-1 - Failed to validate connection com.mysql.jdbc.JDBC4Connection@5eb80105 (No operations allowed after connection closed.)
10:04:39.999 WARN  com.zaxxer.hikari.pool.PoolBase - HikariPool-1 - Failed to validate connection com.mysql.jdbc.JDBC4Connection@40a27c75 (No operations allowed after connection closed.)
10:05:03.598 WARN  com.zaxxer.hikari.pool.PoolBase - HikariPool-1 - Failed to validate connection com.mysql.jdbc.JDBC4Connection@4a62a365 (No operations allowed after connection closed.)
10:05:03.599 WARN  com.zaxxer.hikari.pool.PoolBase - HikariPool-1 - Failed to validate connection com.mysql.jdbc.JDBC4Connection@b5fa95e (No operations allowed after connection closed.)
10:05:03.599 WARN  com.zaxxer.hikari.pool.PoolBase - HikariPool-1 - Failed to validate connection com.mysql.jdbc.JDBC4Connection@65386cf9 (No operations allowed after connection closed.)
10:05:03.602 WARN  com.zaxxer.hikari.pool.PoolBase - HikariPool-1 - Failed to validate connection com.mysql.jdbc.JDBC4Connection@3a1e82b0 (No operations allowed after connection closed.)
10:05:03.603 WARN  com.zaxxer.hikari.pool.PoolBase - HikariPool-1 - Failed to validate connection com.mysql.jdbc.JDBC4Connection@1d9319a4 (No operations allowed after connection closed.)
10:05:03.606 WARN  com.zaxxer.hikari.pool.PoolBase - HikariPool-1 - Failed to validate connection com.mysql.jdbc.JDBC4Connection@6b705611 (No operations allowed after connection closed.)
10:05:03.606 WARN  com.zaxxer.hikari.pool.PoolBase - HikariPool-1 - Failed to validate connection com.mysql.jdbc.JDBC4Connection@4d09b022 (No operations allowed after connection closed.)
10:05:03.607 WARN  com.zaxxer.hikari.pool.PoolBase - HikariPool-1 - Failed to validate connection com.mysql.jdbc.JDBC4Connection@34ca031 (No operations allowed after connection closed.)
10:05:03.608 WARN  com.zaxxer.hikari.pool.PoolBase - HikariPool-1 - Failed to validate connection com.mysql.jdbc.JDBC4Connection@697d7c5 (No operations allowed after connection closed.)
10:05:03.609 WARN  com.zaxxer.hikari.pool.PoolBase - HikariPool-1 - Failed to validate connection com.mysql.jdbc.JDBC4Connection@6f3ec9d8 (No operations allowed after connection closed.)
10:05:03.610 WARN  com.zaxxer.hikari.pool.PoolBase - HikariPool-1 - Failed to validate connection com.mysql.jdbc.JDBC4Connection@6f36ecbd (No operations allowed after connection closed.)
10:05:03.612 WARN  com.zaxxer.hikari.pool.PoolBase - HikariPool-1 - Failed to validate connection com.mysql.jdbc.JDBC4Connection@99d9442 (No operations allowed after connection closed.)
10:05:03.613 WARN  com.zaxxer.hikari.pool.PoolBase - HikariPool-1 - Failed to validate connection com.mysql.jdbc.JDBC4Connection@310c434b (No operations allowed after connection closed.)
10:05:03.613 WARN  com.zaxxer.hikari.pool.PoolBase - HikariPool-1 - Failed to validate connection com.mysql.jdbc.JDBC4Connection@28e52cbb (No operations allowed after connection closed.)
10:05:03.614 WARN  com.zaxxer.hikari.pool.PoolBase - HikariPool-1 - Failed to validate connection com.mysql.jdbc.JDBC4Connection@70ee7e1e (No operations allowed after connection closed.)
10:05:03.615 WARN  com.zaxxer.hikari.pool.PoolBase - HikariPool-1 - Failed to validate connection com.mysql.jdbc.JDBC4Connection@1534cbc5 (No operations allowed after connection closed.)
10:05:03.615 WARN  com.zaxxer.hikari.pool.PoolBase - HikariPool-1 - Failed to validate connection com.mysql.jdbc.JDBC4Connection@46f1d433 (No operations allowed after connection closed.)
10:05:03.616 WARN  com.zaxxer.hikari.pool.PoolBase - HikariPool-1 - Failed to validate connection com.mysql.jdbc.JDBC4Connection@4770a8a2 (No operations allowed after connection closed.)
10:05:03.617 WARN  com.zaxxer.hikari.pool.PoolBase - HikariPool-1 - Failed to validate connection com.mysql.jdbc.JDBC4Connection@446d30dc (No operations allowed after connection closed.)
10:05:03.617 WARN  com.zaxxer.hikari.pool.PoolBase - HikariPool-1 - Failed to validate connection com.mysql.jdbc.JDBC4Connection@7734b177 (No operations allowed after connection closed.)
10:05:24.178 WARN  com.zaxxer.hikari.pool.PoolBase - HikariPool-1 - Failed to validate connection com.mysql.jdbc.JDBC4Connection@51bcd8ef (No operations allowed after connection closed.)
10:05:24.180 WARN  com.zaxxer.hikari.pool.PoolBase - HikariPool-1 - Failed to validate connection com.mysql.jdbc.JDBC4Connection@1081d2d4 (No operations allowed after connection closed.)
10:05:24.180 WARN  com.zaxxer.hikari.pool.PoolBase - HikariPool-1 - Failed to validate connection com.mysql.jdbc.JDBC4Connection@1617fd09 (No operations allowed after connection closed.)
10:05:24.190 WARN  com.zaxxer.hikari.pool.PoolBase - HikariPool-1 - Failed to validate connection com.mysql.jdbc.JDBC4Connection@21db2484 (No operations allowed after connection closed.)
10:05:24.191 WARN  com.zaxxer.hikari.pool.PoolBase - HikariPool-1 - Failed to validate connection com.mysql.jdbc.JDBC4Connection@6ea755e9 (No operations allowed after connection closed.)
10:05:24.192 WARN  com.zaxxer.hikari.pool.PoolBase - HikariPool-1 - Failed to validate connection com.mysql.jdbc.JDBC4Connection@70ae2d9b (No operations allowed after connection closed.)
10:05:24.192 WARN  com.zaxxer.hikari.pool.PoolBase - HikariPool-1 - Failed to validate connection com.mysql.jdbc.JDBC4Connection@59f87932 (No operations allowed after connection closed.)
10:05:24.193 WARN  com.zaxxer.hikari.pool.PoolBase - HikariPool-1 - Failed to validate connection com.mysql.jdbc.JDBC4Connection@217f898d (No operations allowed after connection closed.)
10:05:24.194 WARN  com.zaxxer.hikari.pool.PoolBase - HikariPool-1 - Failed to validate connection com.mysql.jdbc.JDBC4Connection@75a39856 (No operations allowed after connection closed.)
10:05:24.194 WARN  com.zaxxer.hikari.pool.PoolBase - HikariPool-1 - Failed to validate connection com.mysql.jdbc.JDBC4Connection@74e0b18c (No operations allowed after connection closed.)
10:05:24.195 WARN  com.zaxxer.hikari.pool.PoolBase - HikariPool-1 - Failed to validate connection com.mysql.jdbc.JDBC4Connection@6e4b67cb (No operations allowed after connection closed.)
10:05:24.196 WARN  com.zaxxer.hikari.pool.PoolBase - HikariPool-1 - Failed to validate connection com.mysql.jdbc.JDBC4Connection@33a5a86e (No operations allowed after connection closed.)
10:05:24.197 WARN  com.zaxxer.hikari.pool.PoolBase - HikariPool-1 - Failed to validate connection com.mysql.jdbc.JDBC4Connection@5a2de764 (No operations allowed after connection closed.)
10:05:24.199 WARN  com.zaxxer.hikari.pool.PoolBase - HikariPool-1 - Failed to validate connection com.mysql.jdbc.JDBC4Connection@2b30417c (No operations allowed after connection closed.)
10:05:24.200 WARN  com.zaxxer.hikari.pool.PoolBase - HikariPool-1 - Failed to validate connection com.mysql.jdbc.JDBC4Connection@1ef01eee (No operations allowed after connection closed.)
10:05:24.200 WARN  com.zaxxer.hikari.pool.PoolBase - HikariPool-1 - Failed to validate connection com.mysql.jdbc.JDBC4Connection@82386 (No operations allowed after connection closed.)
10:05:24.201 WARN  com.zaxxer.hikari.pool.PoolBase - HikariPool-1 - Failed to validate connection com.mysql.jdbc.JDBC4Connection@35abf224 (No operations allowed after connection closed.)
10:05:24.203 WARN  com.zaxxer.hikari.pool.PoolBase - HikariPool-1 - Failed to validate connection com.mysql.jdbc.JDBC4Connection@1cb97e4c (No operations allowed after connection closed.)
10:05:24.212 WARN  com.zaxxer.hikari.pool.PoolBase - HikariPool-1 - Failed to validate connection com.mysql.jdbc.JDBC4Connection@220045b (No operations allowed after connection closed.)
10:05:24.213 WARN  com.zaxxer.hikari.pool.PoolBase - HikariPool-1 - Failed to validate connection com.mysql.jdbc.JDBC4Connection@4375038a (No operations allowed after connection closed.)
11:47:40.691 WARN  o.m.s.mapper.ClassPathMapperScanner - Skipping MapperFactoryBean with name 'bankCardMapper1' and 'com.jnshu.dao.BankCardMapper1' mapperInterface. Bean already defined with the same name!
11:47:40.692 WARN  o.m.s.mapper.ClassPathMapperScanner - Skipping MapperFactoryBean with name 'bankMapper1' and 'com.jnshu.dao.BankMapper1' mapperInterface. Bean already defined with the same name!
11:47:40.692 WARN  o.m.s.mapper.ClassPathMapperScanner - Skipping MapperFactoryBean with name 'claimsMapper1' and 'com.jnshu.dao.ClaimsMapper1' mapperInterface. Bean already defined with the same name!
11:47:40.692 WARN  o.m.s.mapper.ClassPathMapperScanner - Skipping MapperFactoryBean with name 'claimsMatchingMapper1' and 'com.jnshu.dao.ClaimsMatchingMapper1' mapperInterface. Bean already defined with the same name!
11:47:40.692 WARN  o.m.s.mapper.ClassPathMapperScanner - Skipping MapperFactoryBean with name 'contractMapper1' and 'com.jnshu.dao.ContractMapper1' mapperInterface. Bean already defined with the same name!
11:47:40.693 WARN  o.m.s.mapper.ClassPathMapperScanner - Skipping MapperFactoryBean with name 'messageMapper1' and 'com.jnshu.dao.MessageMapper1' mapperInterface. Bean already defined with the same name!
11:47:40.693 WARN  o.m.s.mapper.ClassPathMapperScanner - Skipping MapperFactoryBean with name 'productMapper1' and 'com.jnshu.dao.ProductMapper1' mapperInterface. Bean already defined with the same name!
11:47:40.694 WARN  o.m.s.mapper.ClassPathMapperScanner - Skipping MapperFactoryBean with name 'systemDataMapper1' and 'com.jnshu.dao.SystemDataMapper1' mapperInterface. Bean already defined with the same name!
11:47:40.695 WARN  o.m.s.mapper.ClassPathMapperScanner - Skipping MapperFactoryBean with name 'timedTaskMapper1' and 'com.jnshu.dao.TimedTaskMapper1' mapperInterface. Bean already defined with the same name!
11:47:40.695 WARN  o.m.s.mapper.ClassPathMapperScanner - Skipping MapperFactoryBean with name 'transactionLogMapper1' and 'com.jnshu.dao.TransactionLogMapper1' mapperInterface. Bean already defined with the same name!
11:47:40.696 WARN  o.m.s.mapper.ClassPathMapperScanner - Skipping MapperFactoryBean with name 'transactionMapper1' and 'com.jnshu.dao.TransactionMapper1' mapperInterface. Bean already defined with the same name!
11:47:40.696 WARN  o.m.s.mapper.ClassPathMapperScanner - Skipping MapperFactoryBean with name 'userMapper1' and 'com.jnshu.dao.UserMapper1' mapperInterface. Bean already defined with the same name!
11:48:28.904 WARN  o.m.s.mapper.ClassPathMapperScanner - Skipping MapperFactoryBean with name 'bankCardMapper1' and 'com.jnshu.dao.BankCardMapper1' mapperInterface. Bean already defined with the same name!
11:48:28.908 WARN  o.m.s.mapper.ClassPathMapperScanner - Skipping MapperFactoryBean with name 'bankMapper1' and 'com.jnshu.dao.BankMapper1' mapperInterface. Bean already defined with the same name!
11:48:28.908 WARN  o.m.s.mapper.ClassPathMapperScanner - Skipping MapperFactoryBean with name 'claimsMapper1' and 'com.jnshu.dao.ClaimsMapper1' mapperInterface. Bean already defined with the same name!
11:48:28.908 WARN  o.m.s.mapper.ClassPathMapperScanner - Skipping MapperFactoryBean with name 'claimsMatchingMapper1' and 'com.jnshu.dao.ClaimsMatchingMapper1' mapperInterface. Bean already defined with the same name!
11:48:28.908 WARN  o.m.s.mapper.ClassPathMapperScanner - Skipping MapperFactoryBean with name 'contractMapper1' and 'com.jnshu.dao.ContractMapper1' mapperInterface. Bean already defined with the same name!
11:48:28.910 WARN  o.m.s.mapper.ClassPathMapperScanner - Skipping MapperFactoryBean with name 'messageMapper1' and 'com.jnshu.dao.MessageMapper1' mapperInterface. Bean already defined with the same name!
11:48:28.910 WARN  o.m.s.mapper.ClassPathMapperScanner - Skipping MapperFactoryBean with name 'productMapper1' and 'com.jnshu.dao.ProductMapper1' mapperInterface. Bean already defined with the same name!
11:48:28.910 WARN  o.m.s.mapper.ClassPathMapperScanner - Skipping MapperFactoryBean with name 'systemDataMapper1' and 'com.jnshu.dao.SystemDataMapper1' mapperInterface. Bean already defined with the same name!
11:48:28.910 WARN  o.m.s.mapper.ClassPathMapperScanner - Skipping MapperFactoryBean with name 'timedTaskMapper1' and 'com.jnshu.dao.TimedTaskMapper1' mapperInterface. Bean already defined with the same name!
11:48:28.911 WARN  o.m.s.mapper.ClassPathMapperScanner - Skipping MapperFactoryBean with name 'transactionLogMapper1' and 'com.jnshu.dao.TransactionLogMapper1' mapperInterface. Bean already defined with the same name!
11:48:28.912 WARN  o.m.s.mapper.ClassPathMapperScanner - Skipping MapperFactoryBean with name 'transactionMapper1' and 'com.jnshu.dao.TransactionMapper1' mapperInterface. Bean already defined with the same name!
11:48:28.912 WARN  o.m.s.mapper.ClassPathMapperScanner - Skipping MapperFactoryBean with name 'userMapper1' and 'com.jnshu.dao.UserMapper1' mapperInterface. Bean already defined with the same name!
11:49:44.286 WARN  o.m.s.mapper.ClassPathMapperScanner - Skipping MapperFactoryBean with name 'bankCardMapper1' and 'com.jnshu.dao.BankCardMapper1' mapperInterface. Bean already defined with the same name!
11:49:44.288 WARN  o.m.s.mapper.ClassPathMapperScanner - Skipping MapperFactoryBean with name 'bankMapper1' and 'com.jnshu.dao.BankMapper1' mapperInterface. Bean already defined with the same name!
11:49:44.288 WARN  o.m.s.mapper.ClassPathMapperScanner - Skipping MapperFactoryBean with name 'claimsMapper1' and 'com.jnshu.dao.ClaimsMapper1' mapperInterface. Bean already defined with the same name!
11:49:44.288 WARN  o.m.s.mapper.ClassPathMapperScanner - Skipping MapperFactoryBean with name 'claimsMatchingMapper1' and 'com.jnshu.dao.ClaimsMatchingMapper1' mapperInterface. Bean already defined with the same name!
11:49:44.288 WARN  o.m.s.mapper.ClassPathMapperScanner - Skipping MapperFactoryBean with name 'contractMapper1' and 'com.jnshu.dao.ContractMapper1' mapperInterface. Bean already defined with the same name!
11:49:44.288 WARN  o.m.s.mapper.ClassPathMapperScanner - Skipping MapperFactoryBean with name 'messageMapper1' and 'com.jnshu.dao.MessageMapper1' mapperInterface. Bean already defined with the same name!
11:49:44.289 WARN  o.m.s.mapper.ClassPathMapperScanner - Skipping MapperFactoryBean with name 'productMapper1' and 'com.jnshu.dao.ProductMapper1' mapperInterface. Bean already defined with the same name!
11:49:44.289 WARN  o.m.s.mapper.ClassPathMapperScanner - Skipping MapperFactoryBean with name 'systemDataMapper1' and 'com.jnshu.dao.SystemDataMapper1' mapperInterface. Bean already defined with the same name!
11:49:44.289 WARN  o.m.s.mapper.ClassPathMapperScanner - Skipping MapperFactoryBean with name 'timedTaskMapper1' and 'com.jnshu.dao.TimedTaskMapper1' mapperInterface. Bean already defined with the same name!
11:49:44.289 WARN  o.m.s.mapper.ClassPathMapperScanner - Skipping MapperFactoryBean with name 'transactionLogMapper1' and 'com.jnshu.dao.TransactionLogMapper1' mapperInterface. Bean already defined with the same name!
11:49:44.289 WARN  o.m.s.mapper.ClassPathMapperScanner - Skipping MapperFactoryBean with name 'transactionMapper1' and 'com.jnshu.dao.TransactionMapper1' mapperInterface. Bean already defined with the same name!
11:49:44.289 WARN  o.m.s.mapper.ClassPathMapperScanner - Skipping MapperFactoryBean with name 'userMapper1' and 'com.jnshu.dao.UserMapper1' mapperInterface. Bean already defined with the same name!
>>>>>>> abd08186c43730aecfb4534e190a660c892a56d2
17:01:41.624 WARN  o.m.s.mapper.ClassPathMapperScanner - Skipping MapperFactoryBean with name 'bankCardMapper1' and 'com.jnshu.dao.BankCardMapper1' mapperInterface. Bean already defined with the same name!
17:01:41.625 WARN  o.m.s.mapper.ClassPathMapperScanner - Skipping MapperFactoryBean with name 'bankMapper1' and 'com.jnshu.dao.BankMapper1' mapperInterface. Bean already defined with the same name!
17:01:41.625 WARN  o.m.s.mapper.ClassPathMapperScanner - Skipping MapperFactoryBean with name 'claimsMapper1' and 'com.jnshu.dao.ClaimsMapper1' mapperInterface. Bean already defined with the same name!
17:01:41.625 WARN  o.m.s.mapper.ClassPathMapperScanner - Skipping MapperFactoryBean with name 'claimsMatchingMapper1' and 'com.jnshu.dao.ClaimsMatchingMapper1' mapperInterface. Bean already defined with the same name!
17:01:41.625 WARN  o.m.s.mapper.ClassPathMapperScanner - Skipping MapperFactoryBean with name 'contractMapper1' and 'com.jnshu.dao.ContractMapper1' mapperInterface. Bean already defined with the same name!
17:01:41.625 WARN  o.m.s.mapper.ClassPathMapperScanner - Skipping MapperFactoryBean with name 'messageMapper1' and 'com.jnshu.dao.MessageMapper1' mapperInterface. Bean already defined with the same name!
17:01:41.626 WARN  o.m.s.mapper.ClassPathMapperScanner - Skipping MapperFactoryBean with name 'productMapper1' and 'com.jnshu.dao.ProductMapper1' mapperInterface. Bean already defined with the same name!
17:01:41.626 WARN  o.m.s.mapper.ClassPathMapperScanner - Skipping MapperFactoryBean with name 'systemDataMapper1' and 'com.jnshu.dao.SystemDataMapper1' mapperInterface. Bean already defined with the same name!
17:01:41.626 WARN  o.m.s.mapper.ClassPathMapperScanner - Skipping MapperFactoryBean with name 'timedTaskMapper1' and 'com.jnshu.dao.TimedTaskMapper1' mapperInterface. Bean already defined with the same name!
17:01:41.626 WARN  o.m.s.mapper.ClassPathMapperScanner - Skipping MapperFactoryBean with name 'transactionLogMapper1' and 'com.jnshu.dao.TransactionLogMapper1' mapperInterface. Bean already defined with the same name!
17:01:41.626 WARN  o.m.s.mapper.ClassPathMapperScanner - Skipping MapperFactoryBean with name 'transactionMapper1' and 'com.jnshu.dao.TransactionMapper1' mapperInterface. Bean already defined with the same name!
17:01:41.626 WARN  o.m.s.mapper.ClassPathMapperScanner - Skipping MapperFactoryBean with name 'userMapper1' and 'com.jnshu.dao.UserMapper1' mapperInterface. Bean already defined with the same name!
17:03:46.287 WARN  o.m.s.mapper.ClassPathMapperScanner - Skipping MapperFactoryBean with name 'bankCardMapper1' and 'com.jnshu.dao.BankCardMapper1' mapperInterface. Bean already defined with the same name!
17:03:46.288 WARN  o.m.s.mapper.ClassPathMapperScanner - Skipping MapperFactoryBean with name 'bankMapper1' and 'com.jnshu.dao.BankMapper1' mapperInterface. Bean already defined with the same name!
17:03:46.288 WARN  o.m.s.mapper.ClassPathMapperScanner - Skipping MapperFactoryBean with name 'claimsMapper1' and 'com.jnshu.dao.ClaimsMapper1' mapperInterface. Bean already defined with the same name!
17:03:46.288 WARN  o.m.s.mapper.ClassPathMapperScanner - Skipping MapperFactoryBean with name 'claimsMatchingMapper1' and 'com.jnshu.dao.ClaimsMatchingMapper1' mapperInterface. Bean already defined with the same name!
17:03:46.288 WARN  o.m.s.mapper.ClassPathMapperScanner - Skipping MapperFactoryBean with name 'contractMapper1' and 'com.jnshu.dao.ContractMapper1' mapperInterface. Bean already defined with the same name!
17:03:46.289 WARN  o.m.s.mapper.ClassPathMapperScanner - Skipping MapperFactoryBean with name 'messageMapper1' and 'com.jnshu.dao.MessageMapper1' mapperInterface. Bean already defined with the same name!
17:03:46.290 WARN  o.m.s.mapper.ClassPathMapperScanner - Skipping MapperFactoryBean with name 'productMapper1' and 'com.jnshu.dao.ProductMapper1' mapperInterface. Bean already defined with the same name!
17:03:46.290 WARN  o.m.s.mapper.ClassPathMapperScanner - Skipping MapperFactoryBean with name 'systemDataMapper1' and 'com.jnshu.dao.SystemDataMapper1' mapperInterface. Bean already defined with the same name!
17:03:46.291 WARN  o.m.s.mapper.ClassPathMapperScanner - Skipping MapperFactoryBean with name 'timedTaskMapper1' and 'com.jnshu.dao.TimedTaskMapper1' mapperInterface. Bean already defined with the same name!
17:03:46.291 WARN  o.m.s.mapper.ClassPathMapperScanner - Skipping MapperFactoryBean with name 'transactionLogMapper1' and 'com.jnshu.dao.TransactionLogMapper1' mapperInterface. Bean already defined with the same name!
17:03:46.291 WARN  o.m.s.mapper.ClassPathMapperScanner - Skipping MapperFactoryBean with name 'transactionMapper1' and 'com.jnshu.dao.TransactionMapper1' mapperInterface. Bean already defined with the same name!
17:03:46.292 WARN  o.m.s.mapper.ClassPathMapperScanner - Skipping MapperFactoryBean with name 'userMapper1' and 'com.jnshu.dao.UserMapper1' mapperInterface. Bean already defined with the same name!
17:20:05.571 WARN  o.m.s.mapper.ClassPathMapperScanner - Skipping MapperFactoryBean with name 'bankCardMapper1' and 'com.jnshu.dao.BankCardMapper1' mapperInterface. Bean already defined with the same name!
17:20:05.572 WARN  o.m.s.mapper.ClassPathMapperScanner - Skipping MapperFactoryBean with name 'bankMapper1' and 'com.jnshu.dao.BankMapper1' mapperInterface. Bean already defined with the same name!
17:20:05.572 WARN  o.m.s.mapper.ClassPathMapperScanner - Skipping MapperFactoryBean with name 'claimsMapper1' and 'com.jnshu.dao.ClaimsMapper1' mapperInterface. Bean already defined with the same name!
17:20:05.573 WARN  o.m.s.mapper.ClassPathMapperScanner - Skipping MapperFactoryBean with name 'claimsMatchingMapper1' and 'com.jnshu.dao.ClaimsMatchingMapper1' mapperInterface. Bean already defined with the same name!
17:20:05.573 WARN  o.m.s.mapper.ClassPathMapperScanner - Skipping MapperFactoryBean with name 'contractMapper1' and 'com.jnshu.dao.ContractMapper1' mapperInterface. Bean already defined with the same name!
17:20:05.573 WARN  o.m.s.mapper.ClassPathMapperScanner - Skipping MapperFactoryBean with name 'messageMapper1' and 'com.jnshu.dao.MessageMapper1' mapperInterface. Bean already defined with the same name!
17:20:05.573 WARN  o.m.s.mapper.ClassPathMapperScanner - Skipping MapperFactoryBean with name 'productMapper1' and 'com.jnshu.dao.ProductMapper1' mapperInterface. Bean already defined with the same name!
17:20:05.573 WARN  o.m.s.mapper.ClassPathMapperScanner - Skipping MapperFactoryBean with name 'systemDataMapper1' and 'com.jnshu.dao.SystemDataMapper1' mapperInterface. Bean already defined with the same name!
17:20:05.574 WARN  o.m.s.mapper.ClassPathMapperScanner - Skipping MapperFactoryBean with name 'timedTaskMapper1' and 'com.jnshu.dao.TimedTaskMapper1' mapperInterface. Bean already defined with the same name!
17:20:05.574 WARN  o.m.s.mapper.ClassPathMapperScanner - Skipping MapperFactoryBean with name 'transactionLogMapper1' and 'com.jnshu.dao.TransactionLogMapper1' mapperInterface. Bean already defined with the same name!
17:20:05.574 WARN  o.m.s.mapper.ClassPathMapperScanner - Skipping MapperFactoryBean with name 'transactionMapper1' and 'com.jnshu.dao.TransactionMapper1' mapperInterface. Bean already defined with the same name!
17:20:05.574 WARN  o.m.s.mapper.ClassPathMapperScanner - Skipping MapperFactoryBean with name 'userMapper1' and 'com.jnshu.dao.UserMapper1' mapperInterface. Bean already defined with the same name!
