10:05:56.641 WARN  o.s.b.t.j.DuplicateJsonObjectContextCustomizerFactory$DuplicateJsonObjectContextCustomizer - 

Found multiple occurrences of org.json.JSONObject on the class path:

	jar:file:/E:/repository/com/vaadin/external/google/android-json/0.0.20131108.vaadin1/android-json-0.0.20131108.vaadin1.jar!/org/json/JSONObject.class
	jar:file:/E:/repository/org/json/json/20140107/json-20140107.jar!/org/json/JSONObject.class

You may wish to exclude one of them to ensure predictable runtime behaviour

10:06:02.339 WARN  o.m.s.mapper.ClassPathMapperScanner - Skipping MapperFactoryBean with name 'bankCardMapper1' and 'com.jnshu.dao.BankCardMapper1' mapperInterface. Bean already defined with the same name!
10:06:02.365 WARN  o.m.s.mapper.ClassPathMapperScanner - Skipping MapperFactoryBean with name 'bankMapper1' and 'com.jnshu.dao.BankMapper1' mapperInterface. Bean already defined with the same name!
10:06:02.365 WARN  o.m.s.mapper.ClassPathMapperScanner - Skipping MapperFactoryBean with name 'claimsMapper1' and 'com.jnshu.dao.ClaimsMapper1' mapperInterface. Bean already defined with the same name!
10:06:02.366 WARN  o.m.s.mapper.ClassPathMapperScanner - Skipping MapperFactoryBean with name 'claimsMatchingMapper1' and 'com.jnshu.dao.ClaimsMatchingMapper1' mapperInterface. Bean already defined with the same name!
10:06:02.366 WARN  o.m.s.mapper.ClassPathMapperScanner - Skipping MapperFactoryBean with name 'contractMapper1' and 'com.jnshu.dao.ContractMapper1' mapperInterface. Bean already defined with the same name!
10:06:02.367 WARN  o.m.s.mapper.ClassPathMapperScanner - Skipping MapperFactoryBean with name 'messageMapper1' and 'com.jnshu.dao.MessageMapper1' mapperInterface. Bean already defined with the same name!
10:06:02.367 WARN  o.m.s.mapper.ClassPathMapperScanner - Skipping MapperFactoryBean with name 'productMapper1' and 'com.jnshu.dao.ProductMapper1' mapperInterface. Bean already defined with the same name!
10:06:02.368 WARN  o.m.s.mapper.ClassPathMapperScanner - Skipping MapperFactoryBean with name 'systemDataMapper1' and 'com.jnshu.dao.SystemDataMapper1' mapperInterface. Bean already defined with the same name!
10:06:02.368 WARN  o.m.s.mapper.ClassPathMapperScanner - Skipping MapperFactoryBean with name 'timedTaskMapper1' and 'com.jnshu.dao.TimedTaskMapper1' mapperInterface. Bean already defined with the same name!
10:06:02.368 WARN  o.m.s.mapper.ClassPathMapperScanner - Skipping MapperFactoryBean with name 'transactionLogMapper1' and 'com.jnshu.dao.TransactionLogMapper1' mapperInterface. Bean already defined with the same name!
10:06:02.368 WARN  o.m.s.mapper.ClassPathMapperScanner - Skipping MapperFactoryBean with name 'transactionMapper1' and 'com.jnshu.dao.TransactionMapper1' mapperInterface. Bean already defined with the same name!
10:06:02.368 WARN  o.m.s.mapper.ClassPathMapperScanner - Skipping MapperFactoryBean with name 'userMapper1' and 'com.jnshu.dao.UserMapper1' mapperInterface. Bean already defined with the same name!
16:55:21.056 WARN  o.s.b.t.j.DuplicateJsonObjectContextCustomizerFactory$DuplicateJsonObjectContextCustomizer - 

Found multiple occurrences of org.json.JSONObject on the class path:

	jar:file:/E:/repository/com/vaadin/external/google/android-json/0.0.20131108.vaadin1/android-json-0.0.20131108.vaadin1.jar!/org/json/JSONObject.class
	jar:file:/E:/repository/org/json/json/20140107/json-20140107.jar!/org/json/JSONObject.class

You may wish to exclude one of them to ensure predictable runtime behaviour

16:55:26.308 WARN  o.m.s.mapper.ClassPathMapperScanner - Skipping MapperFactoryBean with name 'bankCardMapper1' and 'com.jnshu.dao.BankCardMapper1' mapperInterface. Bean already defined with the same name!
16:55:26.309 WARN  o.m.s.mapper.ClassPathMapperScanner - Skipping MapperFactoryBean with name 'bankMapper1' and 'com.jnshu.dao.BankMapper1' mapperInterface. Bean already defined with the same name!
16:55:26.309 WARN  o.m.s.mapper.ClassPathMapperScanner - Skipping MapperFactoryBean with name 'claimsMapper1' and 'com.jnshu.dao.ClaimsMapper1' mapperInterface. Bean already defined with the same name!
16:55:26.310 WARN  o.m.s.mapper.ClassPathMapperScanner - Skipping MapperFactoryBean with name 'claimsMatchingMapper1' and 'com.jnshu.dao.ClaimsMatchingMapper1' mapperInterface. Bean already defined with the same name!
16:55:26.313 WARN  o.m.s.mapper.ClassPathMapperScanner - Skipping MapperFactoryBean with name 'contractMapper1' and 'com.jnshu.dao.ContractMapper1' mapperInterface. Bean already defined with the same name!
16:55:26.314 WARN  o.m.s.mapper.ClassPathMapperScanner - Skipping MapperFactoryBean with name 'messageMapper1' and 'com.jnshu.dao.MessageMapper1' mapperInterface. Bean already defined with the same name!
16:55:26.314 WARN  o.m.s.mapper.ClassPathMapperScanner - Skipping MapperFactoryBean with name 'productMapper1' and 'com.jnshu.dao.ProductMapper1' mapperInterface. Bean already defined with the same name!
16:55:26.314 WARN  o.m.s.mapper.ClassPathMapperScanner - Skipping MapperFactoryBean with name 'systemDataMapper1' and 'com.jnshu.dao.SystemDataMapper1' mapperInterface. Bean already defined with the same name!
16:55:26.314 WARN  o.m.s.mapper.ClassPathMapperScanner - Skipping MapperFactoryBean with name 'timedTaskMapper1' and 'com.jnshu.dao.TimedTaskMapper1' mapperInterface. Bean already defined with the same name!
16:55:26.314 WARN  o.m.s.mapper.ClassPathMapperScanner - Skipping MapperFactoryBean with name 'transactionLogMapper1' and 'com.jnshu.dao.TransactionLogMapper1' mapperInterface. Bean already defined with the same name!
16:55:26.315 WARN  o.m.s.mapper.ClassPathMapperScanner - Skipping MapperFactoryBean with name 'transactionMapper1' and 'com.jnshu.dao.TransactionMapper1' mapperInterface. Bean already defined with the same name!
16:55:26.315 WARN  o.m.s.mapper.ClassPathMapperScanner - Skipping MapperFactoryBean with name 'userMapper1' and 'com.jnshu.dao.UserMapper1' mapperInterface. Bean already defined with the same name!
16:59:58.424 WARN  o.s.b.t.j.DuplicateJsonObjectContextCustomizerFactory$DuplicateJsonObjectContextCustomizer - 

Found multiple occurrences of org.json.JSONObject on the class path:

	jar:file:/E:/repository/com/vaadin/external/google/android-json/0.0.20131108.vaadin1/android-json-0.0.20131108.vaadin1.jar!/org/json/JSONObject.class
	jar:file:/E:/repository/org/json/json/20140107/json-20140107.jar!/org/json/JSONObject.class

You may wish to exclude one of them to ensure predictable runtime behaviour

17:00:02.642 WARN  o.m.s.mapper.ClassPathMapperScanner - Skipping MapperFactoryBean with name 'bankCardMapper1' and 'com.jnshu.dao.BankCardMapper1' mapperInterface. Bean already defined with the same name!
17:00:02.643 WARN  o.m.s.mapper.ClassPathMapperScanner - Skipping MapperFactoryBean with name 'bankMapper1' and 'com.jnshu.dao.BankMapper1' mapperInterface. Bean already defined with the same name!
17:00:02.643 WARN  o.m.s.mapper.ClassPathMapperScanner - Skipping MapperFactoryBean with name 'claimsMapper1' and 'com.jnshu.dao.ClaimsMapper1' mapperInterface. Bean already defined with the same name!
17:00:02.643 WARN  o.m.s.mapper.ClassPathMapperScanner - Skipping MapperFactoryBean with name 'claimsMatchingMapper1' and 'com.jnshu.dao.ClaimsMatchingMapper1' mapperInterface. Bean already defined with the same name!
17:00:02.643 WARN  o.m.s.mapper.ClassPathMapperScanner - Skipping MapperFactoryBean with name 'contractMapper1' and 'com.jnshu.dao.ContractMapper1' mapperInterface. Bean already defined with the same name!
17:00:02.643 WARN  o.m.s.mapper.ClassPathMapperScanner - Skipping MapperFactoryBean with name 'messageMapper1' and 'com.jnshu.dao.MessageMapper1' mapperInterface. Bean already defined with the same name!
17:00:02.643 WARN  o.m.s.mapper.ClassPathMapperScanner - Skipping MapperFactoryBean with name 'productMapper1' and 'com.jnshu.dao.ProductMapper1' mapperInterface. Bean already defined with the same name!
17:00:02.648 WARN  o.m.s.mapper.ClassPathMapperScanner - Skipping MapperFactoryBean with name 'systemDataMapper1' and 'com.jnshu.dao.SystemDataMapper1' mapperInterface. Bean already defined with the same name!
17:00:02.653 WARN  o.m.s.mapper.ClassPathMapperScanner - Skipping MapperFactoryBean with name 'timedTaskMapper1' and 'com.jnshu.dao.TimedTaskMapper1' mapperInterface. Bean already defined with the same name!
17:00:02.654 WARN  o.m.s.mapper.ClassPathMapperScanner - Skipping MapperFactoryBean with name 'transactionLogMapper1' and 'com.jnshu.dao.TransactionLogMapper1' mapperInterface. Bean already defined with the same name!
17:00:02.656 WARN  o.m.s.mapper.ClassPathMapperScanner - Skipping MapperFactoryBean with name 'transactionMapper1' and 'com.jnshu.dao.TransactionMapper1' mapperInterface. Bean already defined with the same name!
17:00:02.656 WARN  o.m.s.mapper.ClassPathMapperScanner - Skipping MapperFactoryBean with name 'userMapper1' and 'com.jnshu.dao.UserMapper1' mapperInterface. Bean already defined with the same name!
17:02:54.271 WARN  o.s.b.t.j.DuplicateJsonObjectContextCustomizerFactory$DuplicateJsonObjectContextCustomizer - 

Found multiple occurrences of org.json.JSONObject on the class path:

	jar:file:/E:/repository/com/vaadin/external/google/android-json/0.0.20131108.vaadin1/android-json-0.0.20131108.vaadin1.jar!/org/json/JSONObject.class
	jar:file:/E:/repository/org/json/json/20140107/json-20140107.jar!/org/json/JSONObject.class

You may wish to exclude one of them to ensure predictable runtime behaviour

17:02:59.232 WARN  o.m.s.mapper.ClassPathMapperScanner - Skipping MapperFactoryBean with name 'bankCardMapper1' and 'com.jnshu.dao.BankCardMapper1' mapperInterface. Bean already defined with the same name!
17:02:59.233 WARN  o.m.s.mapper.ClassPathMapperScanner - Skipping MapperFactoryBean with name 'bankMapper1' and 'com.jnshu.dao.BankMapper1' mapperInterface. Bean already defined with the same name!
17:02:59.233 WARN  o.m.s.mapper.ClassPathMapperScanner - Skipping MapperFactoryBean with name 'claimsMapper1' and 'com.jnshu.dao.ClaimsMapper1' mapperInterface. Bean already defined with the same name!
17:02:59.233 WARN  o.m.s.mapper.ClassPathMapperScanner - Skipping MapperFactoryBean with name 'claimsMatchingMapper1' and 'com.jnshu.dao.ClaimsMatchingMapper1' mapperInterface. Bean already defined with the same name!
17:02:59.233 WARN  o.m.s.mapper.ClassPathMapperScanner - Skipping MapperFactoryBean with name 'contractMapper1' and 'com.jnshu.dao.ContractMapper1' mapperInterface. Bean already defined with the same name!
17:02:59.233 WARN  o.m.s.mapper.ClassPathMapperScanner - Skipping MapperFactoryBean with name 'messageMapper1' and 'com.jnshu.dao.MessageMapper1' mapperInterface. Bean already defined with the same name!
17:02:59.234 WARN  o.m.s.mapper.ClassPathMapperScanner - Skipping MapperFactoryBean with name 'productMapper1' and 'com.jnshu.dao.ProductMapper1' mapperInterface. Bean already defined with the same name!
17:02:59.234 WARN  o.m.s.mapper.ClassPathMapperScanner - Skipping MapperFactoryBean with name 'systemDataMapper1' and 'com.jnshu.dao.SystemDataMapper1' mapperInterface. Bean already defined with the same name!
17:02:59.234 WARN  o.m.s.mapper.ClassPathMapperScanner - Skipping MapperFactoryBean with name 'timedTaskMapper1' and 'com.jnshu.dao.TimedTaskMapper1' mapperInterface. Bean already defined with the same name!
17:02:59.235 WARN  o.m.s.mapper.ClassPathMapperScanner - Skipping MapperFactoryBean with name 'transactionLogMapper1' and 'com.jnshu.dao.TransactionLogMapper1' mapperInterface. Bean already defined with the same name!
17:02:59.235 WARN  o.m.s.mapper.ClassPathMapperScanner - Skipping MapperFactoryBean with name 'transactionMapper1' and 'com.jnshu.dao.TransactionMapper1' mapperInterface. Bean already defined with the same name!
17:02:59.235 WARN  o.m.s.mapper.ClassPathMapperScanner - Skipping MapperFactoryBean with name 'userMapper1' and 'com.jnshu.dao.UserMapper1' mapperInterface. Bean already defined with the same name!
